{"/Users/franciscopontes/Documents/FinalAssignment/little-lemon-app-full/src/App.jsx": {"path":"/Users/franciscopontes/Documents/FinalAssignment/little-lemon-app-full/src/App.jsx","all":false,"statementMap":{"0":{"start":{"line":1,"column":0},"end":{"line":1,"column":26}},"1":{"start":{"line":2,"column":0},"end":{"line":2,"column":64}},"2":{"start":{"line":3,"column":0},"end":{"line":3,"column":41}},"3":{"start":{"line":4,"column":0},"end":{"line":4,"column":41}},"4":{"start":{"line":5,"column":0},"end":{"line":5,"column":40}},"5":{"start":{"line":6,"column":0},"end":{"line":6,"column":42}},"6":{"start":{"line":7,"column":0},"end":{"line":7,"column":40}},"7":{"start":{"line":8,"column":0},"end":{"line":8,"column":56}},"8":{"start":{"line":9,"column":0},"end":{"line":9,"column":54}},"9":{"start":{"line":10,"column":0},"end":{"line":10,"column":61}},"10":{"start":{"line":11,"column":0},"end":{"line":11,"column":59}},"11":{"start":{"line":12,"column":0},"end":{"line":12,"column":51}},"12":{"start":{"line":13,"column":0},"end":{"line":13,"column":78}},"13":{"start":{"line":14,"column":0},"end":{"line":14,"column":0}},"14":{"start":{"line":15,"column":0},"end":{"line":15,"column":16}},"15":{"start":{"line":16,"column":0},"end":{"line":16,"column":10}},"16":{"start":{"line":17,"column":0},"end":{"line":17,"column":6}},"17":{"start":{"line":18,"column":0},"end":{"line":18,"column":21}},"18":{"start":{"line":19,"column":0},"end":{"line":19,"column":23}},"19":{"start":{"line":20,"column":0},"end":{"line":20,"column":29}},"20":{"start":{"line":21,"column":0},"end":{"line":21,"column":75}},"21":{"start":{"line":22,"column":0},"end":{"line":22,"column":20}},"22":{"start":{"line":23,"column":0},"end":{"line":23,"column":73}},"23":{"start":{"line":24,"column":0},"end":{"line":24,"column":20}},"24":{"start":{"line":25,"column":0},"end":{"line":25,"column":55}},"25":{"start":{"line":26,"column":0},"end":{"line":26,"column":61}},"26":{"start":{"line":27,"column":0},"end":{"line":27,"column":59}},"27":{"start":{"line":28,"column":0},"end":{"line":28,"column":20}},"28":{"start":{"line":29,"column":0},"end":{"line":29,"column":36}},"29":{"start":{"line":30,"column":0},"end":{"line":30,"column":25}},"30":{"start":{"line":31,"column":0},"end":{"line":31,"column":35}},"31":{"start":{"line":32,"column":0},"end":{"line":32,"column":40}},"32":{"start":{"line":33,"column":0},"end":{"line":33,"column":36}},"33":{"start":{"line":34,"column":0},"end":{"line":34,"column":17}},"34":{"start":{"line":35,"column":0},"end":{"line":35,"column":16}},"35":{"start":{"line":36,"column":0},"end":{"line":36,"column":80}},"36":{"start":{"line":37,"column":0},"end":{"line":37,"column":74}},"37":{"start":{"line":38,"column":0},"end":{"line":38,"column":21}},"38":{"start":{"line":39,"column":0},"end":{"line":39,"column":17}},"39":{"start":{"line":40,"column":0},"end":{"line":40,"column":20}},"40":{"start":{"line":41,"column":0},"end":{"line":41,"column":14}},"41":{"start":{"line":42,"column":0},"end":{"line":42,"column":22}},"42":{"start":{"line":43,"column":0},"end":{"line":43,"column":7}},"43":{"start":{"line":44,"column":0},"end":{"line":44,"column":4}},"44":{"start":{"line":45,"column":0},"end":{"line":45,"column":1}},"45":{"start":{"line":46,"column":0},"end":{"line":46,"column":0}},"46":{"start":{"line":47,"column":0},"end":{"line":47,"column":19}}},"s":{"0":1,"1":1,"2":1,"3":1,"4":1,"5":1,"6":1,"7":1,"8":1,"9":1,"10":1,"11":1,"12":1,"13":1,"14":0,"15":0,"16":0,"17":0,"18":0,"19":0,"20":0,"21":0,"22":0,"23":0,"24":0,"25":0,"26":0,"27":0,"28":0,"29":0,"30":0,"31":0,"32":0,"33":0,"34":0,"35":0,"36":0,"37":0,"38":0,"39":0,"40":0,"41":0,"42":0,"43":0,"44":0,"45":1,"46":1},"branchMap":{},"b":{},"fnMap":{"0":{"name":"App","decl":{"start":{"line":15,"column":0},"end":{"line":45,"column":1}},"loc":{"start":{"line":15,"column":0},"end":{"line":45,"column":1}},"line":15}},"f":{"0":0}}
,"/Users/franciscopontes/Documents/FinalAssignment/little-lemon-app-full/src/main.jsx": {"path":"/Users/franciscopontes/Documents/FinalAssignment/little-lemon-app-full/src/main.jsx","all":true,"statementMap":{"0":{"start":{"line":1,"column":0},"end":{"line":1,"column":35}},"1":{"start":{"line":2,"column":0},"end":{"line":2,"column":46}},"2":{"start":{"line":3,"column":0},"end":{"line":3,"column":60}},"3":{"start":{"line":4,"column":0},"end":{"line":4,"column":28}},"4":{"start":{"line":5,"column":0},"end":{"line":5,"column":0}},"5":{"start":{"line":6,"column":0},"end":{"line":6,"column":51}},"6":{"start":{"line":7,"column":0},"end":{"line":7,"column":14}},"7":{"start":{"line":8,"column":0},"end":{"line":8,"column":11}},"8":{"start":{"line":9,"column":0},"end":{"line":9,"column":15}},"9":{"start":{"line":10,"column":0},"end":{"line":10,"column":2}}},"s":{"0":0,"1":0,"2":0,"3":0,"4":0,"5":0,"6":0,"7":0,"8":0,"9":0},"branchMap":{"0":{"type":"branch","line":1,"loc":{"start":{"line":1,"column":271},"end":{"line":10,"column":2}},"locations":[{"start":{"line":1,"column":271},"end":{"line":10,"column":2}}]}},"b":{"0":[0]},"fnMap":{"0":{"name":"(empty-report)","decl":{"start":{"line":1,"column":271},"end":{"line":10,"column":2}},"loc":{"start":{"line":1,"column":271},"end":{"line":10,"column":2}},"line":1}},"f":{"0":0}}
,"/Users/franciscopontes/Documents/FinalAssignment/little-lemon-app-full/src/Components/Card.jsx": {"path":"/Users/franciscopontes/Documents/FinalAssignment/little-lemon-app-full/src/Components/Card.jsx","all":false,"statementMap":{"0":{"start":{"line":1,"column":0},"end":{"line":1,"column":51}},"1":{"start":{"line":2,"column":0},"end":{"line":2,"column":60}},"2":{"start":{"line":3,"column":0},"end":{"line":3,"column":0}},"3":{"start":{"line":4,"column":0},"end":{"line":4,"column":66}},"4":{"start":{"line":5,"column":0},"end":{"line":5,"column":33}},"5":{"start":{"line":6,"column":0},"end":{"line":6,"column":33}},"6":{"start":{"line":7,"column":0},"end":{"line":7,"column":60}},"7":{"start":{"line":8,"column":0},"end":{"line":8,"column":69}},"8":{"start":{"line":9,"column":0},"end":{"line":9,"column":0}},"9":{"start":{"line":10,"column":0},"end":{"line":10,"column":54}},"10":{"start":{"line":11,"column":0},"end":{"line":11,"column":19}},"11":{"start":{"line":12,"column":0},"end":{"line":12,"column":32}},"12":{"start":{"line":13,"column":0},"end":{"line":13,"column":44}},"13":{"start":{"line":14,"column":0},"end":{"line":14,"column":6}},"14":{"start":{"line":15,"column":0},"end":{"line":15,"column":0}},"15":{"start":{"line":16,"column":0},"end":{"line":16,"column":52}},"16":{"start":{"line":17,"column":0},"end":{"line":17,"column":68}},"17":{"start":{"line":18,"column":0},"end":{"line":18,"column":9}},"18":{"start":{"line":19,"column":0},"end":{"line":19,"column":0}},"19":{"start":{"line":20,"column":0},"end":{"line":20,"column":33}},"20":{"start":{"line":21,"column":0},"end":{"line":21,"column":57}},"21":{"start":{"line":22,"column":0},"end":{"line":22,"column":67}},"22":{"start":{"line":23,"column":0},"end":{"line":23,"column":40}},"23":{"start":{"line":24,"column":0},"end":{"line":24,"column":0}},"24":{"start":{"line":25,"column":0},"end":{"line":25,"column":25}},"25":{"start":{"line":26,"column":0},"end":{"line":26,"column":18}},"26":{"start":{"line":27,"column":0},"end":{"line":27,"column":51}},"27":{"start":{"line":28,"column":0},"end":{"line":28,"column":12}},"28":{"start":{"line":29,"column":0},"end":{"line":29,"column":12}},"29":{"start":{"line":30,"column":0},"end":{"line":30,"column":18}},"30":{"start":{"line":31,"column":0},"end":{"line":31,"column":22}},"31":{"start":{"line":32,"column":0},"end":{"line":32,"column":20}},"32":{"start":{"line":33,"column":0},"end":{"line":33,"column":18}},"33":{"start":{"line":34,"column":0},"end":{"line":34,"column":6}},"34":{"start":{"line":35,"column":0},"end":{"line":35,"column":0}},"35":{"start":{"line":36,"column":0},"end":{"line":36,"column":64}},"36":{"start":{"line":37,"column":0},"end":{"line":37,"column":79}},"37":{"start":{"line":38,"column":0},"end":{"line":38,"column":0}},"38":{"start":{"line":39,"column":0},"end":{"line":39,"column":43}},"39":{"start":{"line":40,"column":0},"end":{"line":40,"column":53}},"40":{"start":{"line":41,"column":0},"end":{"line":41,"column":19}},"41":{"start":{"line":42,"column":0},"end":{"line":42,"column":70}},"42":{"start":{"line":43,"column":0},"end":{"line":43,"column":6}},"43":{"start":{"line":44,"column":0},"end":{"line":44,"column":0}},"44":{"start":{"line":45,"column":0},"end":{"line":45,"column":35}},"45":{"start":{"line":46,"column":0},"end":{"line":46,"column":39}},"46":{"start":{"line":47,"column":0},"end":{"line":47,"column":52}},"47":{"start":{"line":48,"column":0},"end":{"line":48,"column":12}},"48":{"start":{"line":49,"column":0},"end":{"line":49,"column":21}},"49":{"start":{"line":50,"column":0},"end":{"line":50,"column":30}},"50":{"start":{"line":51,"column":0},"end":{"line":51,"column":5}},"51":{"start":{"line":52,"column":0},"end":{"line":52,"column":0}},"52":{"start":{"line":53,"column":0},"end":{"line":53,"column":40}},"53":{"start":{"line":54,"column":0},"end":{"line":54,"column":68}},"54":{"start":{"line":55,"column":0},"end":{"line":55,"column":0}},"55":{"start":{"line":56,"column":0},"end":{"line":56,"column":50}},"56":{"start":{"line":57,"column":0},"end":{"line":57,"column":23}},"57":{"start":{"line":58,"column":0},"end":{"line":58,"column":71}},"58":{"start":{"line":59,"column":0},"end":{"line":59,"column":39}},"59":{"start":{"line":60,"column":0},"end":{"line":60,"column":45}},"60":{"start":{"line":61,"column":0},"end":{"line":61,"column":5}},"61":{"start":{"line":62,"column":0},"end":{"line":62,"column":4}},"62":{"start":{"line":63,"column":0},"end":{"line":63,"column":0}},"63":{"start":{"line":64,"column":0},"end":{"line":64,"column":10}},"64":{"start":{"line":65,"column":0},"end":{"line":65,"column":12}},"65":{"start":{"line":66,"column":0},"end":{"line":66,"column":67}},"66":{"start":{"line":67,"column":0},"end":{"line":67,"column":31}},"67":{"start":{"line":68,"column":0},"end":{"line":68,"column":59}},"68":{"start":{"line":69,"column":0},"end":{"line":69,"column":56}},"69":{"start":{"line":70,"column":0},"end":{"line":70,"column":5}},"70":{"start":{"line":71,"column":0},"end":{"line":71,"column":71}},"71":{"start":{"line":72,"column":0},"end":{"line":72,"column":41}},"72":{"start":{"line":73,"column":0},"end":{"line":73,"column":42}},"73":{"start":{"line":74,"column":0},"end":{"line":74,"column":54}},"74":{"start":{"line":75,"column":0},"end":{"line":75,"column":59}},"75":{"start":{"line":76,"column":0},"end":{"line":76,"column":14}},"76":{"start":{"line":77,"column":0},"end":{"line":77,"column":62}},"77":{"start":{"line":78,"column":0},"end":{"line":78,"column":42}},"78":{"start":{"line":79,"column":0},"end":{"line":79,"column":27}},"79":{"start":{"line":80,"column":0},"end":{"line":80,"column":47}},"80":{"start":{"line":81,"column":0},"end":{"line":81,"column":30}},"81":{"start":{"line":82,"column":0},"end":{"line":82,"column":29}},"82":{"start":{"line":83,"column":0},"end":{"line":83,"column":19}},"83":{"start":{"line":84,"column":0},"end":{"line":84,"column":15}},"84":{"start":{"line":85,"column":0},"end":{"line":85,"column":47}},"85":{"start":{"line":86,"column":0},"end":{"line":86,"column":25}},"86":{"start":{"line":87,"column":0},"end":{"line":87,"column":29}},"87":{"start":{"line":88,"column":0},"end":{"line":88,"column":19}},"88":{"start":{"line":89,"column":0},"end":{"line":89,"column":12}},"89":{"start":{"line":90,"column":0},"end":{"line":90,"column":14}},"90":{"start":{"line":91,"column":0},"end":{"line":91,"column":12}},"91":{"start":{"line":92,"column":0},"end":{"line":92,"column":14}},"92":{"start":{"line":93,"column":0},"end":{"line":93,"column":4}},"93":{"start":{"line":94,"column":0},"end":{"line":94,"column":1}},"94":{"start":{"line":95,"column":0},"end":{"line":95,"column":0}},"95":{"start":{"line":96,"column":0},"end":{"line":96,"column":20}}},"s":{"0":1,"1":1,"2":1,"3":54,"4":54,"5":54,"6":54,"7":54,"8":54,"9":54,"10":54,"11":44,"12":0,"13":0,"14":44,"15":44,"16":44,"17":54,"18":54,"19":54,"20":0,"21":0,"22":0,"23":0,"24":0,"25":0,"26":0,"27":0,"28":0,"29":0,"30":0,"31":0,"32":0,"33":0,"34":0,"35":0,"36":0,"37":0,"38":0,"39":0,"40":0,"41":0,"42":0,"43":0,"44":0,"45":0,"46":0,"47":0,"48":0,"49":0,"50":0,"51":0,"52":0,"53":0,"54":0,"55":0,"56":0,"57":0,"58":0,"59":0,"60":0,"61":0,"62":54,"63":54,"64":54,"65":54,"66":54,"67":54,"68":54,"69":54,"70":54,"71":54,"72":54,"73":54,"74":54,"75":54,"76":54,"77":54,"78":54,"79":34,"80":34,"81":34,"82":34,"83":20,"84":20,"85":20,"86":20,"87":20,"88":54,"89":54,"90":54,"91":54,"92":54,"93":54,"94":1,"95":1},"branchMap":{"0":{"type":"branch","line":4,"loc":{"start":{"line":4,"column":0},"end":{"line":94,"column":1}},"locations":[{"start":{"line":4,"column":0},"end":{"line":94,"column":1}}]},"1":{"type":"branch","line":66,"loc":{"start":{"line":66,"column":30},"end":{"line":66,"column":62}},"locations":[{"start":{"line":66,"column":30},"end":{"line":66,"column":62}}]},"2":{"type":"branch","line":68,"loc":{"start":{"line":68,"column":12},"end":{"line":68,"column":38}},"locations":[{"start":{"line":68,"column":12},"end":{"line":68,"column":38}}]},"3":{"type":"branch","line":68,"loc":{"start":{"line":68,"column":24},"end":{"line":68,"column":50}},"locations":[{"start":{"line":68,"column":24},"end":{"line":68,"column":50}}]},"4":{"type":"branch","line":69,"loc":{"start":{"line":69,"column":16},"end":{"line":69,"column":42}},"locations":[{"start":{"line":69,"column":16},"end":{"line":69,"column":42}}]},"5":{"type":"branch","line":69,"loc":{"start":{"line":69,"column":28},"end":{"line":69,"column":54}},"locations":[{"start":{"line":69,"column":28},"end":{"line":69,"column":54}}]},"6":{"type":"branch","line":79,"loc":{"start":{"line":79,"column":12},"end":{"line":83,"column":19}},"locations":[{"start":{"line":79,"column":12},"end":{"line":83,"column":19}}]},"7":{"type":"branch","line":83,"loc":{"start":{"line":83,"column":12},"end":{"line":88,"column":19}},"locations":[{"start":{"line":83,"column":12},"end":{"line":88,"column":19}}]},"8":{"type":"branch","line":11,"loc":{"start":{"line":11,"column":12},"end":{"line":18,"column":5}},"locations":[{"start":{"line":11,"column":12},"end":{"line":18,"column":5}}]},"9":{"type":"branch","line":17,"loc":{"start":{"line":17,"column":11},"end":{"line":17,"column":68}},"locations":[{"start":{"line":17,"column":11},"end":{"line":17,"column":68}}]}},"b":{"0":[54],"1":[0],"2":[0],"3":[0],"4":[0],"5":[0],"6":[34],"7":[20],"8":[44],"9":[44]},"fnMap":{"0":{"name":"Card","decl":{"start":{"line":4,"column":0},"end":{"line":94,"column":1}},"loc":{"start":{"line":4,"column":0},"end":{"line":94,"column":1}},"line":4},"1":{"name":"handleResize","decl":{"start":{"line":12,"column":25},"end":{"line":14,"column":6}},"loc":{"start":{"line":12,"column":25},"end":{"line":14,"column":6}},"line":12},"2":{"name":"handleCardClick","decl":{"start":{"line":20,"column":26},"end":{"line":62,"column":4}},"loc":{"start":{"line":20,"column":26},"end":{"line":62,"column":4}},"line":20}},"f":{"0":54,"1":0,"2":0}}
,"/Users/franciscopontes/Documents/FinalAssignment/little-lemon-app-full/src/Components/ConfirmedBooking.jsx": {"path":"/Users/franciscopontes/Documents/FinalAssignment/little-lemon-app-full/src/Components/ConfirmedBooking.jsx","all":false,"statementMap":{"0":{"start":{"line":1,"column":0},"end":{"line":1,"column":26}},"1":{"start":{"line":2,"column":0},"end":{"line":2,"column":53}},"2":{"start":{"line":3,"column":0},"end":{"line":3,"column":0}},"3":{"start":{"line":4,"column":0},"end":{"line":4,"column":29}},"4":{"start":{"line":5,"column":0},"end":{"line":5,"column":33}},"5":{"start":{"line":6,"column":0},"end":{"line":6,"column":64}},"6":{"start":{"line":7,"column":0},"end":{"line":7,"column":0}},"7":{"start":{"line":8,"column":0},"end":{"line":8,"column":33}},"8":{"start":{"line":9,"column":0},"end":{"line":9,"column":44}},"9":{"start":{"line":10,"column":0},"end":{"line":10,"column":66}},"10":{"start":{"line":11,"column":0},"end":{"line":11,"column":24}},"11":{"start":{"line":12,"column":0},"end":{"line":12,"column":24}},"12":{"start":{"line":13,"column":0},"end":{"line":13,"column":22}},"13":{"start":{"line":14,"column":0},"end":{"line":14,"column":23}},"14":{"start":{"line":15,"column":0},"end":{"line":15,"column":8}},"15":{"start":{"line":16,"column":0},"end":{"line":16,"column":9}},"16":{"start":{"line":17,"column":0},"end":{"line":17,"column":0}},"17":{"start":{"line":18,"column":0},"end":{"line":18,"column":10}},"18":{"start":{"line":19,"column":0},"end":{"line":19,"column":31}},"19":{"start":{"line":20,"column":0},"end":{"line":20,"column":46}},"20":{"start":{"line":21,"column":0},"end":{"line":21,"column":55}},"21":{"start":{"line":22,"column":0},"end":{"line":22,"column":37}},"22":{"start":{"line":23,"column":0},"end":{"line":23,"column":66}},"23":{"start":{"line":24,"column":0},"end":{"line":24,"column":0}},"24":{"start":{"line":25,"column":0},"end":{"line":25,"column":36}},"25":{"start":{"line":26,"column":0},"end":{"line":26,"column":49}},"26":{"start":{"line":27,"column":0},"end":{"line":27,"column":42}},"27":{"start":{"line":28,"column":0},"end":{"line":28,"column":17}},"28":{"start":{"line":29,"column":0},"end":{"line":29,"column":61}},"29":{"start":{"line":30,"column":0},"end":{"line":30,"column":18}},"30":{"start":{"line":31,"column":0},"end":{"line":31,"column":17}},"31":{"start":{"line":32,"column":0},"end":{"line":32,"column":54}},"32":{"start":{"line":33,"column":0},"end":{"line":33,"column":18}},"33":{"start":{"line":34,"column":0},"end":{"line":34,"column":17}},"34":{"start":{"line":35,"column":0},"end":{"line":35,"column":61}},"35":{"start":{"line":36,"column":0},"end":{"line":36,"column":18}},"36":{"start":{"line":37,"column":0},"end":{"line":37,"column":17}},"37":{"start":{"line":38,"column":0},"end":{"line":38,"column":75}},"38":{"start":{"line":39,"column":0},"end":{"line":39,"column":18}},"39":{"start":{"line":40,"column":0},"end":{"line":40,"column":44}},"40":{"start":{"line":41,"column":0},"end":{"line":41,"column":19}},"41":{"start":{"line":42,"column":0},"end":{"line":42,"column":71}},"42":{"start":{"line":43,"column":0},"end":{"line":43,"column":20}},"43":{"start":{"line":44,"column":0},"end":{"line":44,"column":16}},"44":{"start":{"line":45,"column":0},"end":{"line":45,"column":17}},"45":{"start":{"line":46,"column":0},"end":{"line":46,"column":58}},"46":{"start":{"line":47,"column":0},"end":{"line":47,"column":56}},"47":{"start":{"line":48,"column":0},"end":{"line":48,"column":18}},"48":{"start":{"line":49,"column":0},"end":{"line":49,"column":18}},"49":{"start":{"line":50,"column":0},"end":{"line":50,"column":12}},"50":{"start":{"line":51,"column":0},"end":{"line":51,"column":0}},"51":{"start":{"line":52,"column":0},"end":{"line":52,"column":48}},"52":{"start":{"line":53,"column":0},"end":{"line":53,"column":49}},"53":{"start":{"line":54,"column":0},"end":{"line":54,"column":28}},"54":{"start":{"line":55,"column":0},"end":{"line":55,"column":19}},"55":{"start":{"line":56,"column":0},"end":{"line":56,"column":55}},"56":{"start":{"line":57,"column":0},"end":{"line":57,"column":23}},"57":{"start":{"line":58,"column":0},"end":{"line":58,"column":19}},"58":{"start":{"line":59,"column":0},"end":{"line":59,"column":16}},"59":{"start":{"line":60,"column":0},"end":{"line":60,"column":14}},"60":{"start":{"line":61,"column":0},"end":{"line":61,"column":12}},"61":{"start":{"line":62,"column":0},"end":{"line":62,"column":10}},"62":{"start":{"line":63,"column":0},"end":{"line":63,"column":4}},"63":{"start":{"line":64,"column":0},"end":{"line":64,"column":1}},"64":{"start":{"line":65,"column":0},"end":{"line":65,"column":0}},"65":{"start":{"line":66,"column":0},"end":{"line":66,"column":32}}},"s":{"0":1,"1":1,"2":1,"3":2,"4":2,"5":2,"6":2,"7":2,"8":2,"9":1,"10":1,"11":1,"12":1,"13":1,"14":1,"15":1,"16":2,"17":2,"18":2,"19":2,"20":2,"21":2,"22":2,"23":2,"24":2,"25":1,"26":1,"27":1,"28":1,"29":1,"30":1,"31":1,"32":1,"33":1,"34":1,"35":1,"36":1,"37":1,"38":1,"39":1,"40":1,"41":1,"42":1,"43":1,"44":1,"45":1,"46":1,"47":1,"48":1,"49":2,"50":2,"51":2,"52":2,"53":2,"54":2,"55":2,"56":2,"57":2,"58":2,"59":2,"60":2,"61":2,"62":2,"63":2,"64":1,"65":1},"branchMap":{"0":{"type":"branch","line":4,"loc":{"start":{"line":4,"column":0},"end":{"line":64,"column":1}},"locations":[{"start":{"line":4,"column":0},"end":{"line":64,"column":1}}]},"1":{"type":"branch","line":6,"loc":{"start":{"line":6,"column":35},"end":{"line":6,"column":61}},"locations":[{"start":{"line":6,"column":35},"end":{"line":6,"column":61}}]},"2":{"type":"branch","line":6,"loc":{"start":{"line":6,"column":42},"end":{"line":6,"column":64}},"locations":[{"start":{"line":6,"column":42},"end":{"line":6,"column":64}}]},"3":{"type":"branch","line":9,"loc":{"start":{"line":9,"column":40},"end":{"line":15,"column":8}},"locations":[{"start":{"line":9,"column":40},"end":{"line":15,"column":8}}]},"4":{"type":"branch","line":15,"loc":{"start":{"line":15,"column":7},"end":{"line":16,"column":9}},"locations":[{"start":{"line":15,"column":7},"end":{"line":16,"column":9}}]},"5":{"type":"branch","line":25,"loc":{"start":{"line":25,"column":27},"end":{"line":49,"column":18}},"locations":[{"start":{"line":25,"column":27},"end":{"line":49,"column":18}}]},"6":{"type":"branch","line":47,"loc":{"start":{"line":47,"column":33},"end":{"line":47,"column":56}},"locations":[{"start":{"line":47,"column":33},"end":{"line":47,"column":56}}]}},"b":{"0":[2],"1":[1],"2":[1],"3":[1],"4":[1],"5":[1],"6":[0]},"fnMap":{"0":{"name":"ConfirmedBooking","decl":{"start":{"line":4,"column":0},"end":{"line":64,"column":1}},"loc":{"start":{"line":4,"column":0},"end":{"line":64,"column":1}},"line":4}},"f":{"0":2}}
,"/Users/franciscopontes/Documents/FinalAssignment/little-lemon-app-full/src/Components/Footer.jsx": {"path":"/Users/franciscopontes/Documents/FinalAssignment/little-lemon-app-full/src/Components/Footer.jsx","all":false,"statementMap":{"0":{"start":{"line":1,"column":0},"end":{"line":1,"column":40}},"1":{"start":{"line":2,"column":0},"end":{"line":2,"column":44}},"2":{"start":{"line":3,"column":0},"end":{"line":3,"column":0}},"3":{"start":{"line":4,"column":0},"end":{"line":4,"column":19}},"4":{"start":{"line":5,"column":0},"end":{"line":5,"column":10}},"5":{"start":{"line":6,"column":0},"end":{"line":6,"column":50}},"6":{"start":{"line":7,"column":0},"end":{"line":7,"column":40}},"7":{"start":{"line":8,"column":0},"end":{"line":8,"column":37}},"8":{"start":{"line":9,"column":0},"end":{"line":9,"column":75}},"9":{"start":{"line":10,"column":0},"end":{"line":10,"column":14}},"10":{"start":{"line":11,"column":0},"end":{"line":11,"column":67}},"11":{"start":{"line":12,"column":0},"end":{"line":12,"column":47}},"12":{"start":{"line":13,"column":0},"end":{"line":13,"column":51}},"13":{"start":{"line":14,"column":0},"end":{"line":14,"column":16}},"14":{"start":{"line":15,"column":0},"end":{"line":15,"column":38}},"15":{"start":{"line":16,"column":0},"end":{"line":16,"column":17}},"16":{"start":{"line":17,"column":0},"end":{"line":17,"column":16}},"17":{"start":{"line":18,"column":0},"end":{"line":18,"column":44}},"18":{"start":{"line":19,"column":0},"end":{"line":19,"column":17}},"19":{"start":{"line":20,"column":0},"end":{"line":20,"column":16}},"20":{"start":{"line":21,"column":0},"end":{"line":21,"column":42}},"21":{"start":{"line":22,"column":0},"end":{"line":22,"column":17}},"22":{"start":{"line":23,"column":0},"end":{"line":23,"column":16}},"23":{"start":{"line":24,"column":0},"end":{"line":24,"column":58}},"24":{"start":{"line":25,"column":0},"end":{"line":25,"column":17}},"25":{"start":{"line":26,"column":0},"end":{"line":26,"column":16}},"26":{"start":{"line":27,"column":0},"end":{"line":27,"column":58}},"27":{"start":{"line":28,"column":0},"end":{"line":28,"column":17}},"28":{"start":{"line":29,"column":0},"end":{"line":29,"column":15}},"29":{"start":{"line":30,"column":0},"end":{"line":30,"column":14}},"30":{"start":{"line":31,"column":0},"end":{"line":31,"column":42}},"31":{"start":{"line":32,"column":0},"end":{"line":32,"column":47}},"32":{"start":{"line":33,"column":0},"end":{"line":33,"column":53}},"33":{"start":{"line":34,"column":0},"end":{"line":34,"column":46}},"34":{"start":{"line":35,"column":0},"end":{"line":35,"column":15}},"35":{"start":{"line":36,"column":0},"end":{"line":36,"column":66}},"36":{"start":{"line":37,"column":0},"end":{"line":37,"column":16}},"37":{"start":{"line":38,"column":0},"end":{"line":38,"column":15}},"38":{"start":{"line":39,"column":0},"end":{"line":39,"column":25}},"39":{"start":{"line":40,"column":0},"end":{"line":40,"column":55}},"40":{"start":{"line":41,"column":0},"end":{"line":41,"column":39}},"41":{"start":{"line":42,"column":0},"end":{"line":42,"column":18}},"42":{"start":{"line":43,"column":0},"end":{"line":43,"column":16}},"43":{"start":{"line":44,"column":0},"end":{"line":44,"column":20}},"44":{"start":{"line":45,"column":0},"end":{"line":45,"column":16}},"45":{"start":{"line":46,"column":0},"end":{"line":46,"column":41}},"46":{"start":{"line":47,"column":0},"end":{"line":47,"column":51}},"47":{"start":{"line":48,"column":0},"end":{"line":48,"column":47}},"48":{"start":{"line":49,"column":0},"end":{"line":49,"column":16}},"49":{"start":{"line":50,"column":0},"end":{"line":50,"column":16}},"50":{"start":{"line":51,"column":0},"end":{"line":51,"column":44}},"51":{"start":{"line":52,"column":0},"end":{"line":52,"column":31}},"52":{"start":{"line":53,"column":0},"end":{"line":53,"column":41}},"53":{"start":{"line":54,"column":0},"end":{"line":54,"column":74}},"54":{"start":{"line":55,"column":0},"end":{"line":55,"column":15}},"55":{"start":{"line":56,"column":0},"end":{"line":56,"column":25}},"56":{"start":{"line":57,"column":0},"end":{"line":57,"column":18}},"57":{"start":{"line":58,"column":0},"end":{"line":58,"column":17}},"58":{"start":{"line":59,"column":0},"end":{"line":59,"column":16}},"59":{"start":{"line":60,"column":0},"end":{"line":60,"column":16}},"60":{"start":{"line":61,"column":0},"end":{"line":61,"column":43}},"61":{"start":{"line":62,"column":0},"end":{"line":62,"column":31}},"62":{"start":{"line":63,"column":0},"end":{"line":63,"column":41}},"63":{"start":{"line":64,"column":0},"end":{"line":64,"column":15}},"64":{"start":{"line":65,"column":0},"end":{"line":65,"column":24}},"65":{"start":{"line":66,"column":0},"end":{"line":66,"column":18}},"66":{"start":{"line":67,"column":0},"end":{"line":67,"column":17}},"67":{"start":{"line":68,"column":0},"end":{"line":68,"column":16}},"68":{"start":{"line":69,"column":0},"end":{"line":69,"column":16}},"69":{"start":{"line":70,"column":0},"end":{"line":70,"column":46}},"70":{"start":{"line":71,"column":0},"end":{"line":71,"column":31}},"71":{"start":{"line":72,"column":0},"end":{"line":72,"column":41}},"72":{"start":{"line":73,"column":0},"end":{"line":73,"column":15}},"73":{"start":{"line":74,"column":0},"end":{"line":74,"column":27}},"74":{"start":{"line":75,"column":0},"end":{"line":75,"column":18}},"75":{"start":{"line":76,"column":0},"end":{"line":76,"column":17}},"76":{"start":{"line":77,"column":0},"end":{"line":77,"column":15}},"77":{"start":{"line":78,"column":0},"end":{"line":78,"column":16}},"78":{"start":{"line":79,"column":0},"end":{"line":79,"column":12}},"79":{"start":{"line":80,"column":0},"end":{"line":80,"column":13}},"80":{"start":{"line":81,"column":0},"end":{"line":81,"column":4}},"81":{"start":{"line":82,"column":0},"end":{"line":82,"column":1}},"82":{"start":{"line":83,"column":0},"end":{"line":83,"column":0}},"83":{"start":{"line":84,"column":0},"end":{"line":84,"column":22}}},"s":{"0":1,"1":1,"2":1,"3":5,"4":5,"5":5,"6":5,"7":5,"8":5,"9":5,"10":5,"11":5,"12":5,"13":5,"14":5,"15":5,"16":5,"17":5,"18":5,"19":5,"20":5,"21":5,"22":5,"23":5,"24":5,"25":5,"26":5,"27":5,"28":5,"29":5,"30":5,"31":5,"32":5,"33":5,"34":5,"35":5,"36":5,"37":5,"38":5,"39":5,"40":5,"41":5,"42":5,"43":5,"44":5,"45":5,"46":5,"47":5,"48":5,"49":5,"50":5,"51":5,"52":5,"53":5,"54":5,"55":5,"56":5,"57":5,"58":5,"59":5,"60":5,"61":5,"62":5,"63":5,"64":5,"65":5,"66":5,"67":5,"68":5,"69":5,"70":5,"71":5,"72":5,"73":5,"74":5,"75":5,"76":5,"77":5,"78":5,"79":5,"80":5,"81":5,"82":1,"83":1},"branchMap":{"0":{"type":"branch","line":4,"loc":{"start":{"line":4,"column":0},"end":{"line":82,"column":1}},"locations":[{"start":{"line":4,"column":0},"end":{"line":82,"column":1}}]}},"b":{"0":[5]},"fnMap":{"0":{"name":"Footer","decl":{"start":{"line":4,"column":0},"end":{"line":82,"column":1}},"loc":{"start":{"line":4,"column":0},"end":{"line":82,"column":1}},"line":4}},"f":{"0":5}}
,"/Users/franciscopontes/Documents/FinalAssignment/little-lemon-app-full/src/Components/Header.jsx": {"path":"/Users/franciscopontes/Documents/FinalAssignment/little-lemon-app-full/src/Components/Header.jsx","all":false,"statementMap":{"0":{"start":{"line":1,"column":0},"end":{"line":1,"column":51}},"1":{"start":{"line":2,"column":0},"end":{"line":2,"column":71}},"2":{"start":{"line":3,"column":0},"end":{"line":3,"column":38}},"3":{"start":{"line":4,"column":0},"end":{"line":4,"column":62}},"4":{"start":{"line":5,"column":0},"end":{"line":5,"column":34}},"5":{"start":{"line":6,"column":0},"end":{"line":6,"column":0}},"6":{"start":{"line":7,"column":0},"end":{"line":7,"column":19}},"7":{"start":{"line":8,"column":0},"end":{"line":8,"column":54}},"8":{"start":{"line":9,"column":0},"end":{"line":9,"column":54}},"9":{"start":{"line":10,"column":0},"end":{"line":10,"column":0}},"10":{"start":{"line":11,"column":0},"end":{"line":11,"column":22}},"11":{"start":{"line":12,"column":0},"end":{"line":12,"column":28}},"12":{"start":{"line":13,"column":0},"end":{"line":13,"column":31}},"13":{"start":{"line":14,"column":0},"end":{"line":14,"column":4}},"14":{"start":{"line":15,"column":0},"end":{"line":15,"column":0}},"15":{"start":{"line":16,"column":0},"end":{"line":16,"column":36}},"16":{"start":{"line":17,"column":0},"end":{"line":17,"column":27}},"17":{"start":{"line":18,"column":0},"end":{"line":18,"column":25}},"18":{"start":{"line":19,"column":0},"end":{"line":19,"column":4}},"19":{"start":{"line":20,"column":0},"end":{"line":20,"column":0}},"20":{"start":{"line":21,"column":0},"end":{"line":21,"column":25}},"21":{"start":{"line":22,"column":0},"end":{"line":22,"column":19}},"22":{"start":{"line":23,"column":0},"end":{"line":23,"column":32}},"23":{"start":{"line":24,"column":0},"end":{"line":24,"column":52}},"24":{"start":{"line":25,"column":0},"end":{"line":25,"column":40}},"25":{"start":{"line":26,"column":0},"end":{"line":26,"column":6}},"26":{"start":{"line":27,"column":0},"end":{"line":27,"column":0}},"27":{"start":{"line":28,"column":0},"end":{"line":28,"column":25}},"28":{"start":{"line":29,"column":0},"end":{"line":29,"column":52}},"29":{"start":{"line":30,"column":0},"end":{"line":30,"column":0}},"30":{"start":{"line":31,"column":0},"end":{"line":31,"column":58}},"31":{"start":{"line":32,"column":0},"end":{"line":32,"column":19}},"32":{"start":{"line":33,"column":0},"end":{"line":33,"column":0}},"33":{"start":{"line":34,"column":0},"end":{"line":34,"column":15}},"34":{"start":{"line":35,"column":0},"end":{"line":35,"column":68}},"35":{"start":{"line":36,"column":0},"end":{"line":36,"column":9}},"36":{"start":{"line":37,"column":0},"end":{"line":37,"column":0}},"37":{"start":{"line":38,"column":0},"end":{"line":38,"column":45}},"38":{"start":{"line":39,"column":0},"end":{"line":39,"column":19}},"39":{"start":{"line":40,"column":0},"end":{"line":40,"column":21}},"40":{"start":{"line":41,"column":0},"end":{"line":41,"column":46}},"41":{"start":{"line":42,"column":0},"end":{"line":42,"column":12}},"42":{"start":{"line":43,"column":0},"end":{"line":43,"column":44}},"43":{"start":{"line":44,"column":0},"end":{"line":44,"column":5}},"44":{"start":{"line":45,"column":0},"end":{"line":45,"column":0}},"45":{"start":{"line":46,"column":0},"end":{"line":46,"column":18}},"46":{"start":{"line":47,"column":0},"end":{"line":47,"column":44}},"47":{"start":{"line":48,"column":0},"end":{"line":48,"column":6}},"48":{"start":{"line":49,"column":0},"end":{"line":49,"column":19}},"49":{"start":{"line":50,"column":0},"end":{"line":50,"column":0}},"50":{"start":{"line":51,"column":0},"end":{"line":51,"column":10}},"51":{"start":{"line":52,"column":0},"end":{"line":52,"column":6}},"52":{"start":{"line":53,"column":0},"end":{"line":53,"column":18}},"53":{"start":{"line":54,"column":0},"end":{"line":54,"column":13}},"54":{"start":{"line":55,"column":0},"end":{"line":55,"column":21}},"55":{"start":{"line":56,"column":0},"end":{"line":56,"column":60}},"56":{"start":{"line":57,"column":0},"end":{"line":57,"column":7}},"57":{"start":{"line":58,"column":0},"end":{"line":58,"column":40}},"58":{"start":{"line":59,"column":0},"end":{"line":59,"column":17}},"59":{"start":{"line":60,"column":0},"end":{"line":60,"column":77}},"60":{"start":{"line":61,"column":0},"end":{"line":61,"column":32}},"61":{"start":{"line":62,"column":0},"end":{"line":62,"column":64}},"62":{"start":{"line":63,"column":0},"end":{"line":63,"column":38}},"63":{"start":{"line":64,"column":0},"end":{"line":64,"column":46}},"64":{"start":{"line":65,"column":0},"end":{"line":65,"column":11}},"65":{"start":{"line":66,"column":0},"end":{"line":66,"column":27}},"66":{"start":{"line":67,"column":0},"end":{"line":67,"column":51}},"67":{"start":{"line":68,"column":0},"end":{"line":68,"column":17}},"68":{"start":{"line":69,"column":0},"end":{"line":69,"column":48}},"69":{"start":{"line":70,"column":0},"end":{"line":70,"column":14}},"70":{"start":{"line":71,"column":0},"end":{"line":71,"column":19}},"71":{"start":{"line":72,"column":0},"end":{"line":72,"column":0}},"72":{"start":{"line":73,"column":0},"end":{"line":73,"column":41}},"73":{"start":{"line":74,"column":0},"end":{"line":74,"column":25}},"74":{"start":{"line":75,"column":0},"end":{"line":75,"column":79}},"75":{"start":{"line":76,"column":0},"end":{"line":76,"column":19}},"76":{"start":{"line":77,"column":0},"end":{"line":77,"column":16}},"77":{"start":{"line":78,"column":0},"end":{"line":78,"column":0}},"78":{"start":{"line":79,"column":0},"end":{"line":79,"column":14}},"79":{"start":{"line":80,"column":0},"end":{"line":80,"column":35}},"80":{"start":{"line":81,"column":0},"end":{"line":81,"column":40}},"81":{"start":{"line":82,"column":0},"end":{"line":82,"column":60}},"82":{"start":{"line":83,"column":0},"end":{"line":83,"column":11}},"83":{"start":{"line":84,"column":0},"end":{"line":84,"column":16}},"84":{"start":{"line":85,"column":0},"end":{"line":85,"column":18}},"85":{"start":{"line":86,"column":0},"end":{"line":86,"column":49}},"86":{"start":{"line":87,"column":0},"end":{"line":87,"column":22}},"87":{"start":{"line":88,"column":0},"end":{"line":88,"column":23}},"88":{"start":{"line":89,"column":0},"end":{"line":89,"column":19}},"89":{"start":{"line":90,"column":0},"end":{"line":90,"column":18}},"90":{"start":{"line":91,"column":0},"end":{"line":91,"column":57}},"91":{"start":{"line":92,"column":0},"end":{"line":92,"column":23}},"92":{"start":{"line":93,"column":0},"end":{"line":93,"column":26}},"93":{"start":{"line":94,"column":0},"end":{"line":94,"column":19}},"94":{"start":{"line":95,"column":0},"end":{"line":95,"column":18}},"95":{"start":{"line":96,"column":0},"end":{"line":96,"column":56}},"96":{"start":{"line":97,"column":0},"end":{"line":97,"column":22}},"97":{"start":{"line":98,"column":0},"end":{"line":98,"column":26}},"98":{"start":{"line":99,"column":0},"end":{"line":99,"column":19}},"99":{"start":{"line":100,"column":0},"end":{"line":100,"column":18}},"100":{"start":{"line":101,"column":0},"end":{"line":101,"column":64}},"101":{"start":{"line":102,"column":0},"end":{"line":102,"column":30}},"102":{"start":{"line":103,"column":0},"end":{"line":103,"column":26}},"103":{"start":{"line":104,"column":0},"end":{"line":104,"column":19}},"104":{"start":{"line":105,"column":0},"end":{"line":105,"column":18}},"105":{"start":{"line":106,"column":0},"end":{"line":106,"column":64}},"106":{"start":{"line":107,"column":0},"end":{"line":107,"column":30}},"107":{"start":{"line":108,"column":0},"end":{"line":108,"column":26}},"108":{"start":{"line":109,"column":0},"end":{"line":109,"column":19}},"109":{"start":{"line":110,"column":0},"end":{"line":110,"column":17}},"110":{"start":{"line":111,"column":0},"end":{"line":111,"column":16}},"111":{"start":{"line":112,"column":0},"end":{"line":112,"column":0}},"112":{"start":{"line":113,"column":0},"end":{"line":113,"column":54}},"113":{"start":{"line":114,"column":0},"end":{"line":114,"column":26}},"114":{"start":{"line":115,"column":0},"end":{"line":115,"column":16}},"115":{"start":{"line":116,"column":0},"end":{"line":116,"column":38}},"116":{"start":{"line":117,"column":0},"end":{"line":117,"column":33}},"117":{"start":{"line":118,"column":0},"end":{"line":118,"column":32}},"118":{"start":{"line":119,"column":0},"end":{"line":119,"column":19}},"119":{"start":{"line":120,"column":0},"end":{"line":120,"column":12}},"120":{"start":{"line":121,"column":0},"end":{"line":121,"column":14}},"121":{"start":{"line":122,"column":0},"end":{"line":122,"column":15}},"122":{"start":{"line":123,"column":0},"end":{"line":123,"column":7}},"123":{"start":{"line":124,"column":0},"end":{"line":124,"column":4}},"124":{"start":{"line":125,"column":0},"end":{"line":125,"column":1}},"125":{"start":{"line":126,"column":0},"end":{"line":126,"column":0}},"126":{"start":{"line":127,"column":0},"end":{"line":127,"column":22}}},"s":{"0":1,"1":1,"2":1,"3":1,"4":1,"5":1,"6":8,"7":8,"8":8,"9":8,"10":8,"11":8,"12":1,"13":1,"14":8,"15":8,"16":8,"17":0,"18":0,"19":8,"20":8,"21":8,"22":6,"23":6,"24":6,"25":6,"26":6,"27":6,"28":6,"29":6,"30":6,"31":6,"32":6,"33":6,"34":6,"35":8,"36":8,"37":8,"38":8,"39":7,"40":1,"41":7,"42":6,"43":6,"44":7,"45":7,"46":7,"47":7,"48":8,"49":8,"50":8,"51":8,"52":8,"53":8,"54":8,"55":8,"56":8,"57":8,"58":8,"59":8,"60":8,"61":8,"62":8,"63":8,"64":8,"65":8,"66":2,"67":6,"68":6,"69":8,"70":8,"71":8,"72":8,"73":8,"74":8,"75":8,"76":8,"77":8,"78":8,"79":8,"80":8,"81":8,"82":8,"83":8,"84":8,"85":8,"86":8,"87":8,"88":8,"89":8,"90":8,"91":8,"92":8,"93":8,"94":8,"95":8,"96":8,"97":8,"98":8,"99":8,"100":8,"101":8,"102":8,"103":8,"104":8,"105":8,"106":8,"107":8,"108":8,"109":8,"110":8,"111":8,"112":8,"113":8,"114":2,"115":2,"116":2,"117":2,"118":2,"119":8,"120":8,"121":8,"122":8,"123":8,"124":8,"125":1,"126":1},"branchMap":{"0":{"type":"branch","line":7,"loc":{"start":{"line":7,"column":0},"end":{"line":125,"column":1}},"locations":[{"start":{"line":7,"column":0},"end":{"line":125,"column":1}}]},"1":{"type":"branch","line":56,"loc":{"start":{"line":56,"column":29},"end":{"line":56,"column":55}},"locations":[{"start":{"line":56,"column":29},"end":{"line":56,"column":55}}]},"2":{"type":"branch","line":60,"loc":{"start":{"line":60,"column":45},"end":{"line":60,"column":72}},"locations":[{"start":{"line":60,"column":45},"end":{"line":60,"column":72}}]},"3":{"type":"branch","line":60,"loc":{"start":{"line":60,"column":58},"end":{"line":60,"column":74}},"locations":[{"start":{"line":60,"column":58},"end":{"line":60,"column":74}}]},"4":{"type":"branch","line":62,"loc":{"start":{"line":62,"column":24},"end":{"line":62,"column":52}},"locations":[{"start":{"line":62,"column":24},"end":{"line":62,"column":52}}]},"5":{"type":"branch","line":62,"loc":{"start":{"line":62,"column":37},"end":{"line":62,"column":64}},"locations":[{"start":{"line":62,"column":37},"end":{"line":62,"column":64}}]},"6":{"type":"branch","line":66,"loc":{"start":{"line":66,"column":13},"end":{"line":67,"column":51}},"locations":[{"start":{"line":66,"column":13},"end":{"line":67,"column":51}}]},"7":{"type":"branch","line":67,"loc":{"start":{"line":67,"column":44},"end":{"line":69,"column":48}},"locations":[{"start":{"line":67,"column":44},"end":{"line":69,"column":48}}]},"8":{"type":"branch","line":82,"loc":{"start":{"line":82,"column":23},"end":{"line":82,"column":57}},"locations":[{"start":{"line":82,"column":23},"end":{"line":82,"column":57}}]},"9":{"type":"branch","line":82,"loc":{"start":{"line":82,"column":36},"end":{"line":82,"column":60}},"locations":[{"start":{"line":82,"column":36},"end":{"line":82,"column":60}}]},"10":{"type":"branch","line":114,"loc":{"start":{"line":114,"column":11},"end":{"line":119,"column":19}},"locations":[{"start":{"line":114,"column":11},"end":{"line":119,"column":19}}]},"11":{"type":"branch","line":12,"loc":{"start":{"line":12,"column":21},"end":{"line":14,"column":4}},"locations":[{"start":{"line":12,"column":21},"end":{"line":14,"column":4}}]},"12":{"type":"branch","line":22,"loc":{"start":{"line":22,"column":12},"end":{"line":36,"column":5}},"locations":[{"start":{"line":22,"column":12},"end":{"line":36,"column":5}}]},"13":{"type":"branch","line":23,"loc":{"start":{"line":23,"column":25},"end":{"line":26,"column":6}},"locations":[{"start":{"line":23,"column":25},"end":{"line":26,"column":6}}]},"14":{"type":"branch","line":35,"loc":{"start":{"line":35,"column":11},"end":{"line":35,"column":68}},"locations":[{"start":{"line":35,"column":11},"end":{"line":35,"column":68}}]},"15":{"type":"branch","line":39,"loc":{"start":{"line":39,"column":12},"end":{"line":49,"column":5}},"locations":[{"start":{"line":39,"column":12},"end":{"line":49,"column":5}}]},"16":{"type":"branch","line":40,"loc":{"start":{"line":40,"column":20},"end":{"line":42,"column":11}},"locations":[{"start":{"line":40,"column":20},"end":{"line":42,"column":11}}]},"17":{"type":"branch","line":42,"loc":{"start":{"line":42,"column":4},"end":{"line":44,"column":5}},"locations":[{"start":{"line":42,"column":4},"end":{"line":44,"column":5}}]},"18":{"type":"branch","line":46,"loc":{"start":{"line":46,"column":11},"end":{"line":48,"column":6}},"locations":[{"start":{"line":46,"column":11},"end":{"line":48,"column":6}}]}},"b":{"0":[8],"1":[0],"2":[2],"3":[6],"4":[2],"5":[6],"6":[2],"7":[6],"8":[2],"9":[6],"10":[2],"11":[1],"12":[6],"13":[6],"14":[6],"15":[7],"16":[1],"17":[6],"18":[7]},"fnMap":{"0":{"name":"Header","decl":{"start":{"line":7,"column":0},"end":{"line":125,"column":1}},"loc":{"start":{"line":7,"column":0},"end":{"line":125,"column":1}},"line":7},"1":{"name":"toggleMenu","decl":{"start":{"line":12,"column":21},"end":{"line":14,"column":4}},"loc":{"start":{"line":12,"column":21},"end":{"line":14,"column":4}},"line":12},"2":{"name":"closeMenu","decl":{"start":{"line":17,"column":20},"end":{"line":19,"column":4}},"loc":{"start":{"line":17,"column":20},"end":{"line":19,"column":4}},"line":17},"3":{"name":"handleScroll","decl":{"start":{"line":23,"column":25},"end":{"line":26,"column":6}},"loc":{"start":{"line":23,"column":25},"end":{"line":26,"column":6}},"line":23}},"f":{"0":8,"1":1,"2":0,"3":6}}
,"/Users/franciscopontes/Documents/FinalAssignment/little-lemon-app-full/src/Components/Hero.jsx": {"path":"/Users/franciscopontes/Documents/FinalAssignment/little-lemon-app-full/src/Components/Hero.jsx","all":false,"statementMap":{"0":{"start":{"line":1,"column":0},"end":{"line":1,"column":26}},"1":{"start":{"line":2,"column":0},"end":{"line":2,"column":40}},"2":{"start":{"line":3,"column":0},"end":{"line":3,"column":88}},"3":{"start":{"line":4,"column":0},"end":{"line":4,"column":0}},"4":{"start":{"line":5,"column":0},"end":{"line":5,"column":17}},"5":{"start":{"line":6,"column":0},"end":{"line":6,"column":10}},"6":{"start":{"line":7,"column":0},"end":{"line":7,"column":30}},"7":{"start":{"line":8,"column":0},"end":{"line":8,"column":38}},"8":{"start":{"line":9,"column":0},"end":{"line":9,"column":35}},"9":{"start":{"line":10,"column":0},"end":{"line":10,"column":31}},"10":{"start":{"line":11,"column":0},"end":{"line":11,"column":26}},"11":{"start":{"line":12,"column":0},"end":{"line":12,"column":14}},"12":{"start":{"line":13,"column":0},"end":{"line":13,"column":70}},"13":{"start":{"line":14,"column":0},"end":{"line":14,"column":59}},"14":{"start":{"line":15,"column":0},"end":{"line":15,"column":15}},"15":{"start":{"line":16,"column":0},"end":{"line":16,"column":35}},"16":{"start":{"line":17,"column":0},"end":{"line":17,"column":44}},"17":{"start":{"line":18,"column":0},"end":{"line":18,"column":17}},"18":{"start":{"line":19,"column":0},"end":{"line":19,"column":14}},"19":{"start":{"line":20,"column":0},"end":{"line":20,"column":36}},"20":{"start":{"line":21,"column":0},"end":{"line":21,"column":73}},"21":{"start":{"line":22,"column":0},"end":{"line":22,"column":14}},"22":{"start":{"line":23,"column":0},"end":{"line":23,"column":12}},"23":{"start":{"line":24,"column":0},"end":{"line":24,"column":14}},"24":{"start":{"line":25,"column":0},"end":{"line":25,"column":4}},"25":{"start":{"line":26,"column":0},"end":{"line":26,"column":1}},"26":{"start":{"line":27,"column":0},"end":{"line":27,"column":0}},"27":{"start":{"line":28,"column":0},"end":{"line":28,"column":20}}},"s":{"0":1,"1":1,"2":1,"3":1,"4":8,"5":8,"6":8,"7":8,"8":8,"9":8,"10":8,"11":8,"12":8,"13":8,"14":8,"15":8,"16":8,"17":8,"18":8,"19":8,"20":8,"21":8,"22":8,"23":8,"24":8,"25":8,"26":1,"27":1},"branchMap":{"0":{"type":"branch","line":5,"loc":{"start":{"line":5,"column":0},"end":{"line":26,"column":1}},"locations":[{"start":{"line":5,"column":0},"end":{"line":26,"column":1}}]}},"b":{"0":[8]},"fnMap":{"0":{"name":"Hero","decl":{"start":{"line":5,"column":0},"end":{"line":26,"column":1}},"loc":{"start":{"line":5,"column":0},"end":{"line":26,"column":1}},"line":5}},"f":{"0":8}}
,"/Users/franciscopontes/Documents/FinalAssignment/little-lemon-app-full/src/Components/MainSection.jsx": {"path":"/Users/franciscopontes/Documents/FinalAssignment/little-lemon-app-full/src/Components/MainSection.jsx","all":false,"statementMap":{"0":{"start":{"line":1,"column":0},"end":{"line":1,"column":26}},"1":{"start":{"line":2,"column":0},"end":{"line":2,"column":26}},"2":{"start":{"line":3,"column":0},"end":{"line":3,"column":38}},"3":{"start":{"line":4,"column":0},"end":{"line":4,"column":0}},"4":{"start":{"line":5,"column":0},"end":{"line":5,"column":62}},"5":{"start":{"line":6,"column":0},"end":{"line":6,"column":64}},"6":{"start":{"line":7,"column":0},"end":{"line":7,"column":66}},"7":{"start":{"line":8,"column":0},"end":{"line":8,"column":50}},"8":{"start":{"line":9,"column":0},"end":{"line":9,"column":54}},"9":{"start":{"line":10,"column":0},"end":{"line":10,"column":0}},"10":{"start":{"line":11,"column":0},"end":{"line":11,"column":24}},"11":{"start":{"line":12,"column":0},"end":{"line":12,"column":20}},"12":{"start":{"line":13,"column":0},"end":{"line":13,"column":20}},"13":{"start":{"line":14,"column":0},"end":{"line":14,"column":5}},"14":{"start":{"line":15,"column":0},"end":{"line":15,"column":12}},"15":{"start":{"line":16,"column":0},"end":{"line":16,"column":27}},"16":{"start":{"line":17,"column":0},"end":{"line":17,"column":19}},"17":{"start":{"line":18,"column":0},"end":{"line":18,"column":18}},"18":{"start":{"line":19,"column":0},"end":{"line":19,"column":156}},"19":{"start":{"line":20,"column":0},"end":{"line":20,"column":24}},"20":{"start":{"line":21,"column":0},"end":{"line":21,"column":25}},"21":{"start":{"line":22,"column":0},"end":{"line":22,"column":6}},"22":{"start":{"line":23,"column":0},"end":{"line":23,"column":5}},"23":{"start":{"line":24,"column":0},"end":{"line":24,"column":12}},"24":{"start":{"line":25,"column":0},"end":{"line":25,"column":26}},"25":{"start":{"line":26,"column":0},"end":{"line":26,"column":18}},"26":{"start":{"line":27,"column":0},"end":{"line":27,"column":18}},"27":{"start":{"line":28,"column":0},"end":{"line":28,"column":154}},"28":{"start":{"line":29,"column":0},"end":{"line":29,"column":24}},"29":{"start":{"line":30,"column":0},"end":{"line":30,"column":24}},"30":{"start":{"line":31,"column":0},"end":{"line":31,"column":6}},"31":{"start":{"line":32,"column":0},"end":{"line":32,"column":5}},"32":{"start":{"line":33,"column":0},"end":{"line":33,"column":12}},"33":{"start":{"line":34,"column":0},"end":{"line":34,"column":29}},"34":{"start":{"line":35,"column":0},"end":{"line":35,"column":17}},"35":{"start":{"line":36,"column":0},"end":{"line":36,"column":18}},"36":{"start":{"line":37,"column":0},"end":{"line":37,"column":137}},"37":{"start":{"line":38,"column":0},"end":{"line":38,"column":26}},"38":{"start":{"line":39,"column":0},"end":{"line":39,"column":27}},"39":{"start":{"line":40,"column":0},"end":{"line":40,"column":6}},"40":{"start":{"line":41,"column":0},"end":{"line":41,"column":4}},"41":{"start":{"line":42,"column":0},"end":{"line":42,"column":0}},"42":{"start":{"line":43,"column":0},"end":{"line":43,"column":17}},"43":{"start":{"line":44,"column":0},"end":{"line":44,"column":19}},"44":{"start":{"line":45,"column":0},"end":{"line":45,"column":5}},"45":{"start":{"line":46,"column":0},"end":{"line":46,"column":12}},"46":{"start":{"line":47,"column":0},"end":{"line":47,"column":29}},"47":{"start":{"line":48,"column":0},"end":{"line":48,"column":16}},"48":{"start":{"line":49,"column":0},"end":{"line":49,"column":151}},"49":{"start":{"line":50,"column":0},"end":{"line":50,"column":65}},"50":{"start":{"line":51,"column":0},"end":{"line":51,"column":6}},"51":{"start":{"line":52,"column":0},"end":{"line":52,"column":5}},"52":{"start":{"line":53,"column":0},"end":{"line":53,"column":12}},"53":{"start":{"line":54,"column":0},"end":{"line":54,"column":32}},"54":{"start":{"line":55,"column":0},"end":{"line":55,"column":16}},"55":{"start":{"line":56,"column":0},"end":{"line":56,"column":128}},"56":{"start":{"line":57,"column":0},"end":{"line":57,"column":63}},"57":{"start":{"line":58,"column":0},"end":{"line":58,"column":6}},"58":{"start":{"line":59,"column":0},"end":{"line":59,"column":5}},"59":{"start":{"line":60,"column":0},"end":{"line":60,"column":12}},"60":{"start":{"line":61,"column":0},"end":{"line":61,"column":25}},"61":{"start":{"line":62,"column":0},"end":{"line":62,"column":16}},"62":{"start":{"line":63,"column":0},"end":{"line":63,"column":123}},"63":{"start":{"line":64,"column":0},"end":{"line":64,"column":65}},"64":{"start":{"line":65,"column":0},"end":{"line":65,"column":6}},"65":{"start":{"line":66,"column":0},"end":{"line":66,"column":5}},"66":{"start":{"line":67,"column":0},"end":{"line":67,"column":12}},"67":{"start":{"line":68,"column":0},"end":{"line":68,"column":27}},"68":{"start":{"line":69,"column":0},"end":{"line":69,"column":16}},"69":{"start":{"line":70,"column":0},"end":{"line":70,"column":120}},"70":{"start":{"line":71,"column":0},"end":{"line":71,"column":63}},"71":{"start":{"line":72,"column":0},"end":{"line":72,"column":6}},"72":{"start":{"line":73,"column":0},"end":{"line":73,"column":4}},"73":{"start":{"line":74,"column":0},"end":{"line":74,"column":0}},"74":{"start":{"line":75,"column":0},"end":{"line":75,"column":10}},"75":{"start":{"line":76,"column":0},"end":{"line":76,"column":28}},"76":{"start":{"line":77,"column":0},"end":{"line":77,"column":30}},"77":{"start":{"line":78,"column":0},"end":{"line":78,"column":71}},"78":{"start":{"line":79,"column":0},"end":{"line":79,"column":35}},"79":{"start":{"line":80,"column":0},"end":{"line":80,"column":43}},"80":{"start":{"line":81,"column":0},"end":{"line":81,"column":63}},"81":{"start":{"line":82,"column":0},"end":{"line":82,"column":75}},"82":{"start":{"line":83,"column":0},"end":{"line":83,"column":16}},"83":{"start":{"line":84,"column":0},"end":{"line":84,"column":41}},"84":{"start":{"line":85,"column":0},"end":{"line":85,"column":37}},"85":{"start":{"line":86,"column":0},"end":{"line":86,"column":19}},"86":{"start":{"line":87,"column":0},"end":{"line":87,"column":29}},"87":{"start":{"line":88,"column":0},"end":{"line":88,"column":34}},"88":{"start":{"line":89,"column":0},"end":{"line":89,"column":34}},"89":{"start":{"line":90,"column":0},"end":{"line":90,"column":46}},"90":{"start":{"line":91,"column":0},"end":{"line":91,"column":37}},"91":{"start":{"line":92,"column":0},"end":{"line":92,"column":35}},"92":{"start":{"line":93,"column":0},"end":{"line":93,"column":16}},"93":{"start":{"line":94,"column":0},"end":{"line":94,"column":15}},"94":{"start":{"line":95,"column":0},"end":{"line":95,"column":16}},"95":{"start":{"line":96,"column":0},"end":{"line":96,"column":14}},"96":{"start":{"line":97,"column":0},"end":{"line":97,"column":16}},"97":{"start":{"line":98,"column":0},"end":{"line":98,"column":0}},"98":{"start":{"line":99,"column":0},"end":{"line":99,"column":34}},"99":{"start":{"line":100,"column":0},"end":{"line":100,"column":79}},"100":{"start":{"line":101,"column":0},"end":{"line":101,"column":35}},"101":{"start":{"line":102,"column":0},"end":{"line":102,"column":67}},"102":{"start":{"line":103,"column":0},"end":{"line":103,"column":45}},"103":{"start":{"line":104,"column":0},"end":{"line":104,"column":38}},"104":{"start":{"line":105,"column":0},"end":{"line":105,"column":25}},"105":{"start":{"line":106,"column":0},"end":{"line":106,"column":31}},"106":{"start":{"line":107,"column":0},"end":{"line":107,"column":34}},"107":{"start":{"line":108,"column":0},"end":{"line":108,"column":38}},"108":{"start":{"line":109,"column":0},"end":{"line":109,"column":34}},"109":{"start":{"line":110,"column":0},"end":{"line":110,"column":38}},"110":{"start":{"line":111,"column":0},"end":{"line":111,"column":16}},"111":{"start":{"line":112,"column":0},"end":{"line":112,"column":15}},"112":{"start":{"line":113,"column":0},"end":{"line":113,"column":16}},"113":{"start":{"line":114,"column":0},"end":{"line":114,"column":14}},"114":{"start":{"line":115,"column":0},"end":{"line":115,"column":16}},"115":{"start":{"line":116,"column":0},"end":{"line":116,"column":0}},"116":{"start":{"line":117,"column":0},"end":{"line":117,"column":19}},"117":{"start":{"line":118,"column":0},"end":{"line":118,"column":33}},"118":{"start":{"line":119,"column":0},"end":{"line":119,"column":35}},"119":{"start":{"line":120,"column":0},"end":{"line":120,"column":41}},"120":{"start":{"line":121,"column":0},"end":{"line":121,"column":33}},"121":{"start":{"line":122,"column":0},"end":{"line":122,"column":28}},"122":{"start":{"line":123,"column":0},"end":{"line":123,"column":15}},"123":{"start":{"line":124,"column":0},"end":{"line":124,"column":80}},"124":{"start":{"line":125,"column":0},"end":{"line":125,"column":74}},"125":{"start":{"line":126,"column":0},"end":{"line":126,"column":75}},"126":{"start":{"line":127,"column":0},"end":{"line":127,"column":43}},"127":{"start":{"line":128,"column":0},"end":{"line":128,"column":16}},"128":{"start":{"line":129,"column":0},"end":{"line":129,"column":15}},"129":{"start":{"line":130,"column":0},"end":{"line":130,"column":79}},"130":{"start":{"line":131,"column":0},"end":{"line":131,"column":69}},"131":{"start":{"line":132,"column":0},"end":{"line":132,"column":76}},"132":{"start":{"line":133,"column":0},"end":{"line":133,"column":65}},"133":{"start":{"line":134,"column":0},"end":{"line":134,"column":16}},"134":{"start":{"line":135,"column":0},"end":{"line":135,"column":16}},"135":{"start":{"line":136,"column":0},"end":{"line":136,"column":40}},"136":{"start":{"line":137,"column":0},"end":{"line":137,"column":16}},"137":{"start":{"line":138,"column":0},"end":{"line":138,"column":30}},"138":{"start":{"line":139,"column":0},"end":{"line":139,"column":52}},"139":{"start":{"line":140,"column":0},"end":{"line":140,"column":39}},"140":{"start":{"line":141,"column":0},"end":{"line":141,"column":14}},"141":{"start":{"line":142,"column":0},"end":{"line":142,"column":16}},"142":{"start":{"line":143,"column":0},"end":{"line":143,"column":26}},"143":{"start":{"line":144,"column":0},"end":{"line":144,"column":48}},"144":{"start":{"line":145,"column":0},"end":{"line":145,"column":39}},"145":{"start":{"line":146,"column":0},"end":{"line":146,"column":14}},"146":{"start":{"line":147,"column":0},"end":{"line":147,"column":16}},"147":{"start":{"line":148,"column":0},"end":{"line":148,"column":14}},"148":{"start":{"line":149,"column":0},"end":{"line":149,"column":16}},"149":{"start":{"line":150,"column":0},"end":{"line":150,"column":11}},"150":{"start":{"line":151,"column":0},"end":{"line":151,"column":4}},"151":{"start":{"line":152,"column":0},"end":{"line":152,"column":1}},"152":{"start":{"line":153,"column":0},"end":{"line":153,"column":0}},"153":{"start":{"line":154,"column":0},"end":{"line":154,"column":27}}},"s":{"0":1,"1":1,"2":1,"3":1,"4":1,"5":1,"6":1,"7":1,"8":1,"9":1,"10":6,"11":6,"12":6,"13":6,"14":6,"15":6,"16":6,"17":6,"18":6,"19":6,"20":6,"21":6,"22":6,"23":6,"24":6,"25":6,"26":6,"27":6,"28":6,"29":6,"30":6,"31":6,"32":6,"33":6,"34":6,"35":6,"36":6,"37":6,"38":6,"39":6,"40":6,"41":6,"42":6,"43":6,"44":6,"45":6,"46":6,"47":6,"48":6,"49":6,"50":6,"51":6,"52":6,"53":6,"54":6,"55":6,"56":6,"57":6,"58":6,"59":6,"60":6,"61":6,"62":6,"63":6,"64":6,"65":6,"66":6,"67":6,"68":6,"69":6,"70":6,"71":6,"72":6,"73":6,"74":6,"75":6,"76":6,"77":6,"78":6,"79":6,"80":6,"81":6,"82":6,"83":6,"84":6,"85":18,"86":18,"87":18,"88":18,"89":18,"90":18,"91":18,"92":18,"93":6,"94":6,"95":6,"96":6,"97":6,"98":6,"99":6,"100":6,"101":6,"102":6,"103":6,"104":24,"105":24,"106":24,"107":24,"108":24,"109":24,"110":24,"111":6,"112":6,"113":6,"114":6,"115":6,"116":6,"117":6,"118":6,"119":6,"120":6,"121":6,"122":6,"123":6,"124":6,"125":6,"126":6,"127":6,"128":6,"129":6,"130":6,"131":6,"132":6,"133":6,"134":6,"135":6,"136":6,"137":6,"138":6,"139":6,"140":6,"141":6,"142":6,"143":6,"144":6,"145":6,"146":6,"147":6,"148":6,"149":6,"150":6,"151":6,"152":1,"153":1},"branchMap":{"0":{"type":"branch","line":11,"loc":{"start":{"line":11,"column":0},"end":{"line":152,"column":1}},"locations":[{"start":{"line":11,"column":0},"end":{"line":152,"column":1}}]},"1":{"type":"branch","line":85,"loc":{"start":{"line":85,"column":26},"end":{"line":93,"column":16}},"locations":[{"start":{"line":85,"column":26},"end":{"line":93,"column":16}}]},"2":{"type":"branch","line":104,"loc":{"start":{"line":104,"column":25},"end":{"line":111,"column":16}},"locations":[{"start":{"line":104,"column":25},"end":{"line":111,"column":16}}]}},"b":{"0":[6],"1":[18],"2":[24]},"fnMap":{"0":{"name":"MainSection","decl":{"start":{"line":11,"column":0},"end":{"line":152,"column":1}},"loc":{"start":{"line":11,"column":0},"end":{"line":152,"column":1}},"line":11}},"f":{"0":6}}
,"/Users/franciscopontes/Documents/FinalAssignment/little-lemon-app-full/src/Components/Nav.jsx": {"path":"/Users/franciscopontes/Documents/FinalAssignment/little-lemon-app-full/src/Components/Nav.jsx","all":false,"statementMap":{"0":{"start":{"line":1,"column":0},"end":{"line":1,"column":40}},"1":{"start":{"line":2,"column":0},"end":{"line":2,"column":0}},"2":{"start":{"line":3,"column":0},"end":{"line":3,"column":16}},"3":{"start":{"line":4,"column":0},"end":{"line":4,"column":10}},"4":{"start":{"line":5,"column":0},"end":{"line":5,"column":30}},"5":{"start":{"line":6,"column":0},"end":{"line":6,"column":10}},"6":{"start":{"line":7,"column":0},"end":{"line":7,"column":12}},"7":{"start":{"line":8,"column":0},"end":{"line":8,"column":34}},"8":{"start":{"line":9,"column":0},"end":{"line":9,"column":13}},"9":{"start":{"line":10,"column":0},"end":{"line":10,"column":12}},"10":{"start":{"line":11,"column":0},"end":{"line":11,"column":40}},"11":{"start":{"line":12,"column":0},"end":{"line":12,"column":13}},"12":{"start":{"line":13,"column":0},"end":{"line":13,"column":12}},"13":{"start":{"line":14,"column":0},"end":{"line":14,"column":38}},"14":{"start":{"line":15,"column":0},"end":{"line":15,"column":13}},"15":{"start":{"line":16,"column":0},"end":{"line":16,"column":12}},"16":{"start":{"line":17,"column":0},"end":{"line":17,"column":54}},"17":{"start":{"line":18,"column":0},"end":{"line":18,"column":13}},"18":{"start":{"line":19,"column":0},"end":{"line":19,"column":12}},"19":{"start":{"line":20,"column":0},"end":{"line":20,"column":54}},"20":{"start":{"line":21,"column":0},"end":{"line":21,"column":13}},"21":{"start":{"line":22,"column":0},"end":{"line":22,"column":11}},"22":{"start":{"line":23,"column":0},"end":{"line":23,"column":10}},"23":{"start":{"line":24,"column":0},"end":{"line":24,"column":4}},"24":{"start":{"line":25,"column":0},"end":{"line":25,"column":1}},"25":{"start":{"line":26,"column":0},"end":{"line":26,"column":0}},"26":{"start":{"line":27,"column":0},"end":{"line":27,"column":19}}},"s":{"0":1,"1":1,"2":2,"3":2,"4":2,"5":2,"6":2,"7":2,"8":2,"9":2,"10":2,"11":2,"12":2,"13":2,"14":2,"15":2,"16":2,"17":2,"18":2,"19":2,"20":2,"21":2,"22":2,"23":2,"24":2,"25":1,"26":1},"branchMap":{"0":{"type":"branch","line":3,"loc":{"start":{"line":3,"column":0},"end":{"line":25,"column":1}},"locations":[{"start":{"line":3,"column":0},"end":{"line":25,"column":1}}]}},"b":{"0":[2]},"fnMap":{"0":{"name":"Nav","decl":{"start":{"line":3,"column":0},"end":{"line":25,"column":1}},"loc":{"start":{"line":3,"column":0},"end":{"line":25,"column":1}},"line":3}},"f":{"0":2}}
,"/Users/franciscopontes/Documents/FinalAssignment/little-lemon-app-full/src/Components/ReviewCard.jsx": {"path":"/Users/franciscopontes/Documents/FinalAssignment/little-lemon-app-full/src/Components/ReviewCard.jsx","all":false,"statementMap":{"0":{"start":{"line":1,"column":0},"end":{"line":1,"column":26}},"1":{"start":{"line":2,"column":0},"end":{"line":2,"column":0}},"2":{"start":{"line":3,"column":0},"end":{"line":3,"column":53}},"3":{"start":{"line":4,"column":0},"end":{"line":4,"column":45}},"4":{"start":{"line":5,"column":0},"end":{"line":5,"column":35}},"5":{"start":{"line":6,"column":0},"end":{"line":6,"column":21}},"6":{"start":{"line":7,"column":0},"end":{"line":7,"column":33}},"7":{"start":{"line":8,"column":0},"end":{"line":8,"column":17}},"8":{"start":{"line":9,"column":0},"end":{"line":9,"column":39}},"9":{"start":{"line":10,"column":0},"end":{"line":10,"column":34}},"10":{"start":{"line":11,"column":0},"end":{"line":11,"column":15}},"11":{"start":{"line":12,"column":0},"end":{"line":12,"column":8}},"12":{"start":{"line":13,"column":0},"end":{"line":13,"column":5}},"13":{"start":{"line":14,"column":0},"end":{"line":14,"column":17}},"14":{"start":{"line":15,"column":0},"end":{"line":15,"column":4}},"15":{"start":{"line":16,"column":0},"end":{"line":16,"column":0}},"16":{"start":{"line":17,"column":0},"end":{"line":17,"column":10}},"17":{"start":{"line":18,"column":0},"end":{"line":18,"column":37}},"18":{"start":{"line":19,"column":0},"end":{"line":19,"column":64}},"19":{"start":{"line":20,"column":0},"end":{"line":20,"column":35}},"20":{"start":{"line":21,"column":0},"end":{"line":21,"column":65}},"21":{"start":{"line":22,"column":0},"end":{"line":22,"column":49}},"22":{"start":{"line":23,"column":0},"end":{"line":23,"column":12}},"23":{"start":{"line":24,"column":0},"end":{"line":24,"column":43}},"24":{"start":{"line":25,"column":0},"end":{"line":25,"column":14}},"25":{"start":{"line":26,"column":0},"end":{"line":26,"column":4}},"26":{"start":{"line":27,"column":0},"end":{"line":27,"column":1}},"27":{"start":{"line":28,"column":0},"end":{"line":28,"column":0}},"28":{"start":{"line":29,"column":0},"end":{"line":29,"column":26}}},"s":{"0":1,"1":1,"2":24,"3":24,"4":24,"5":24,"6":24,"7":120,"8":120,"9":120,"10":120,"11":120,"12":120,"13":24,"14":24,"15":24,"16":24,"17":24,"18":24,"19":24,"20":24,"21":24,"22":24,"23":24,"24":24,"25":24,"26":24,"27":1,"28":1},"branchMap":{"0":{"type":"branch","line":3,"loc":{"start":{"line":3,"column":0},"end":{"line":27,"column":1}},"locations":[{"start":{"line":3,"column":0},"end":{"line":27,"column":1}}]},"1":{"type":"branch","line":5,"loc":{"start":{"line":5,"column":22},"end":{"line":15,"column":4}},"locations":[{"start":{"line":5,"column":22},"end":{"line":15,"column":4}}]},"2":{"type":"branch","line":7,"loc":{"start":{"line":7,"column":32},"end":{"line":13,"column":5}},"locations":[{"start":{"line":7,"column":32},"end":{"line":13,"column":5}}]},"3":{"type":"branch","line":10,"loc":{"start":{"line":10,"column":15},"end":{"line":10,"column":30}},"locations":[{"start":{"line":10,"column":15},"end":{"line":10,"column":30}}]},"4":{"type":"branch","line":10,"loc":{"start":{"line":10,"column":24},"end":{"line":10,"column":34}},"locations":[{"start":{"line":10,"column":24},"end":{"line":10,"column":34}}]}},"b":{"0":[24],"1":[24],"2":[120],"3":[108],"4":[12]},"fnMap":{"0":{"name":"ReviewCard","decl":{"start":{"line":3,"column":0},"end":{"line":27,"column":1}},"loc":{"start":{"line":3,"column":0},"end":{"line":27,"column":1}},"line":3},"1":{"name":"renderStars","decl":{"start":{"line":5,"column":22},"end":{"line":15,"column":4}},"loc":{"start":{"line":5,"column":22},"end":{"line":15,"column":4}},"line":5}},"f":{"0":24,"1":24}}
,"/Users/franciscopontes/Documents/FinalAssignment/little-lemon-app-full/src/Components/ScrollToTop.jsx": {"path":"/Users/franciscopontes/Documents/FinalAssignment/little-lemon-app-full/src/Components/ScrollToTop.jsx","all":false,"statementMap":{"0":{"start":{"line":1,"column":0},"end":{"line":1,"column":34}},"1":{"start":{"line":2,"column":0},"end":{"line":2,"column":47}},"2":{"start":{"line":3,"column":0},"end":{"line":3,"column":0}},"3":{"start":{"line":4,"column":0},"end":{"line":4,"column":24}},"4":{"start":{"line":5,"column":0},"end":{"line":5,"column":37}},"5":{"start":{"line":6,"column":0},"end":{"line":6,"column":0}},"6":{"start":{"line":7,"column":0},"end":{"line":7,"column":19}},"7":{"start":{"line":8,"column":0},"end":{"line":8,"column":35}},"8":{"start":{"line":9,"column":0},"end":{"line":9,"column":26}},"9":{"start":{"line":10,"column":0},"end":{"line":10,"column":17}},"10":{"start":{"line":11,"column":0},"end":{"line":11,"column":0}},"11":{"start":{"line":12,"column":0},"end":{"line":12,"column":56}},"12":{"start":{"line":13,"column":0},"end":{"line":13,"column":1}},"13":{"start":{"line":14,"column":0},"end":{"line":14,"column":0}},"14":{"start":{"line":15,"column":0},"end":{"line":15,"column":27}}},"s":{"0":1,"1":1,"2":1,"3":0,"4":0,"5":0,"6":0,"7":0,"8":0,"9":0,"10":0,"11":0,"12":0,"13":1,"14":1},"branchMap":{},"b":{},"fnMap":{"0":{"name":"ScrollToTop","decl":{"start":{"line":4,"column":0},"end":{"line":13,"column":1}},"loc":{"start":{"line":4,"column":0},"end":{"line":13,"column":1}},"line":4}},"f":{"0":0}}
,"/Users/franciscopontes/Documents/FinalAssignment/little-lemon-app-full/src/Components/SkipLink.jsx": {"path":"/Users/franciscopontes/Documents/FinalAssignment/little-lemon-app-full/src/Components/SkipLink.jsx","all":false,"statementMap":{"0":{"start":{"line":1,"column":0},"end":{"line":1,"column":26}},"1":{"start":{"line":2,"column":0},"end":{"line":2,"column":0}},"2":{"start":{"line":3,"column":0},"end":{"line":3,"column":24}},"3":{"start":{"line":4,"column":0},"end":{"line":4,"column":10}},"4":{"start":{"line":5,"column":0},"end":{"line":5,"column":6}},"5":{"start":{"line":6,"column":0},"end":{"line":6,"column":26}},"6":{"start":{"line":7,"column":0},"end":{"line":7,"column":27}},"7":{"start":{"line":8,"column":0},"end":{"line":8,"column":23}},"8":{"start":{"line":9,"column":0},"end":{"line":9,"column":27}},"9":{"start":{"line":10,"column":0},"end":{"line":10,"column":68}},"10":{"start":{"line":11,"column":0},"end":{"line":11,"column":26}},"11":{"start":{"line":12,"column":0},"end":{"line":12,"column":30}},"12":{"start":{"line":13,"column":0},"end":{"line":13,"column":53}},"13":{"start":{"line":14,"column":0},"end":{"line":14,"column":9}},"14":{"start":{"line":15,"column":0},"end":{"line":15,"column":8}},"15":{"start":{"line":16,"column":0},"end":{"line":16,"column":5}},"16":{"start":{"line":17,"column":0},"end":{"line":17,"column":21}},"17":{"start":{"line":18,"column":0},"end":{"line":18,"column":8}},"18":{"start":{"line":19,"column":0},"end":{"line":19,"column":4}},"19":{"start":{"line":20,"column":0},"end":{"line":20,"column":2}},"20":{"start":{"line":21,"column":0},"end":{"line":21,"column":0}},"21":{"start":{"line":22,"column":0},"end":{"line":22,"column":24}}},"s":{"0":1,"1":1,"2":1,"3":8,"4":8,"5":8,"6":8,"7":8,"8":1,"9":1,"10":1,"11":1,"12":1,"13":1,"14":1,"15":8,"16":8,"17":8,"18":8,"19":8,"20":1,"21":1},"branchMap":{"0":{"type":"branch","line":3,"loc":{"start":{"line":3,"column":17},"end":{"line":20,"column":2}},"locations":[{"start":{"line":3,"column":17},"end":{"line":20,"column":2}}]},"1":{"type":"branch","line":8,"loc":{"start":{"line":8,"column":15},"end":{"line":15,"column":8}},"locations":[{"start":{"line":8,"column":15},"end":{"line":15,"column":8}}]}},"b":{"0":[8],"1":[1]},"fnMap":{"0":{"name":"SkipLink","decl":{"start":{"line":3,"column":17},"end":{"line":20,"column":2}},"loc":{"start":{"line":3,"column":17},"end":{"line":20,"column":2}},"line":3},"1":{"name":"onClick","decl":{"start":{"line":8,"column":15},"end":{"line":15,"column":8}},"loc":{"start":{"line":8,"column":15},"end":{"line":15,"column":8}},"line":8}},"f":{"0":8,"1":1}}
,"/Users/franciscopontes/Documents/FinalAssignment/little-lemon-app-full/src/context/BookingContext.jsx": {"path":"/Users/franciscopontes/Documents/FinalAssignment/little-lemon-app-full/src/context/BookingContext.jsx","all":false,"statementMap":{"0":{"start":{"line":1,"column":0},"end":{"line":1,"column":80}},"1":{"start":{"line":2,"column":0},"end":{"line":2,"column":8}},"2":{"start":{"line":3,"column":0},"end":{"line":3,"column":22}},"3":{"start":{"line":4,"column":0},"end":{"line":4,"column":44}},"4":{"start":{"line":5,"column":0},"end":{"line":5,"column":22}},"5":{"start":{"line":6,"column":0},"end":{"line":6,"column":0}},"6":{"start":{"line":7,"column":0},"end":{"line":7,"column":21}},"7":{"start":{"line":8,"column":0},"end":{"line":8,"column":39}},"8":{"start":{"line":9,"column":0},"end":{"line":9,"column":0}},"9":{"start":{"line":10,"column":0},"end":{"line":10,"column":48}},"10":{"start":{"line":11,"column":0},"end":{"line":11,"column":30}},"11":{"start":{"line":12,"column":0},"end":{"line":12,"column":45}},"12":{"start":{"line":13,"column":0},"end":{"line":13,"column":17}},"13":{"start":{"line":14,"column":0},"end":{"line":14,"column":72}},"14":{"start":{"line":15,"column":0},"end":{"line":15,"column":3}},"15":{"start":{"line":16,"column":0},"end":{"line":16,"column":17}},"16":{"start":{"line":17,"column":0},"end":{"line":17,"column":1}},"17":{"start":{"line":18,"column":0},"end":{"line":18,"column":0}},"18":{"start":{"line":19,"column":0},"end":{"line":19,"column":45}},"19":{"start":{"line":20,"column":0},"end":{"line":20,"column":47}},"20":{"start":{"line":21,"column":0},"end":{"line":21,"column":42}},"21":{"start":{"line":22,"column":0},"end":{"line":22,"column":56}},"22":{"start":{"line":23,"column":0},"end":{"line":23,"column":12}},"23":{"start":{"line":24,"column":0},"end":{"line":24,"column":12}},"24":{"start":{"line":25,"column":0},"end":{"line":25,"column":12}},"25":{"start":{"line":26,"column":0},"end":{"line":26,"column":12}},"26":{"start":{"line":27,"column":0},"end":{"line":27,"column":12}},"27":{"start":{"line":28,"column":0},"end":{"line":28,"column":12}},"28":{"start":{"line":29,"column":0},"end":{"line":29,"column":12}},"29":{"start":{"line":30,"column":0},"end":{"line":30,"column":12}},"30":{"start":{"line":31,"column":0},"end":{"line":31,"column":12}},"31":{"start":{"line":32,"column":0},"end":{"line":32,"column":12}},"32":{"start":{"line":33,"column":0},"end":{"line":33,"column":12}},"33":{"start":{"line":34,"column":0},"end":{"line":34,"column":5}},"34":{"start":{"line":35,"column":0},"end":{"line":35,"column":0}},"35":{"start":{"line":36,"column":0},"end":{"line":36,"column":54}},"36":{"start":{"line":37,"column":0},"end":{"line":37,"column":44}},"37":{"start":{"line":38,"column":0},"end":{"line":38,"column":44}},"38":{"start":{"line":39,"column":0},"end":{"line":39,"column":29}},"39":{"start":{"line":40,"column":0},"end":{"line":40,"column":9}},"40":{"start":{"line":41,"column":0},"end":{"line":41,"column":0}},"41":{"start":{"line":42,"column":0},"end":{"line":42,"column":44}},"42":{"start":{"line":43,"column":0},"end":{"line":43,"column":55}},"43":{"start":{"line":44,"column":0},"end":{"line":44,"column":42}},"44":{"start":{"line":45,"column":0},"end":{"line":45,"column":9}},"45":{"start":{"line":46,"column":0},"end":{"line":46,"column":0}},"46":{"start":{"line":47,"column":0},"end":{"line":47,"column":62}},"47":{"start":{"line":48,"column":0},"end":{"line":48,"column":17}},"48":{"start":{"line":49,"column":0},"end":{"line":49,"column":19}},"49":{"start":{"line":50,"column":0},"end":{"line":50,"column":36}},"50":{"start":{"line":51,"column":0},"end":{"line":51,"column":22}},"51":{"start":{"line":52,"column":0},"end":{"line":52,"column":4}},"52":{"start":{"line":53,"column":0},"end":{"line":53,"column":0}},"53":{"start":{"line":54,"column":0},"end":{"line":54,"column":10}},"54":{"start":{"line":55,"column":0},"end":{"line":55,"column":79}},"55":{"start":{"line":56,"column":0},"end":{"line":56,"column":4}},"56":{"start":{"line":57,"column":0},"end":{"line":57,"column":1}}},"s":{"0":1,"1":1,"2":1,"3":1,"4":1,"5":1,"6":1,"7":1,"8":1,"9":1,"10":1,"11":35,"12":35,"13":0,"14":0,"15":35,"16":35,"17":1,"18":1,"19":1,"20":7,"21":7,"22":7,"23":7,"24":7,"25":7,"26":7,"27":7,"28":7,"29":7,"30":7,"31":7,"32":7,"33":7,"34":7,"35":7,"36":7,"37":1,"38":1,"39":7,"40":7,"41":7,"42":7,"43":1,"44":7,"45":7,"46":7,"47":7,"48":7,"49":7,"50":7,"51":7,"52":7,"53":7,"54":7,"55":7,"56":7},"branchMap":{"0":{"type":"branch","line":11,"loc":{"start":{"line":11,"column":7},"end":{"line":17,"column":1}},"locations":[{"start":{"line":11,"column":7},"end":{"line":17,"column":1}}]},"1":{"type":"branch","line":13,"loc":{"start":{"line":13,"column":16},"end":{"line":15,"column":3}},"locations":[{"start":{"line":13,"column":16},"end":{"line":15,"column":3}}]},"2":{"type":"branch","line":20,"loc":{"start":{"line":20,"column":7},"end":{"line":57,"column":1}},"locations":[{"start":{"line":20,"column":7},"end":{"line":57,"column":1}}]},"3":{"type":"branch","line":37,"loc":{"start":{"line":37,"column":33},"end":{"line":40,"column":5}},"locations":[{"start":{"line":37,"column":33},"end":{"line":40,"column":5}}]},"4":{"type":"branch","line":43,"loc":{"start":{"line":43,"column":40},"end":{"line":45,"column":5}},"locations":[{"start":{"line":43,"column":40},"end":{"line":45,"column":5}}]}},"b":{"0":[35],"1":[0],"2":[7],"3":[1],"4":[1]},"fnMap":{"0":{"name":"useBooking","decl":{"start":{"line":11,"column":7},"end":{"line":17,"column":1}},"loc":{"start":{"line":11,"column":7},"end":{"line":17,"column":1}},"line":11},"1":{"name":"BookingProvider","decl":{"start":{"line":20,"column":7},"end":{"line":57,"column":1}},"loc":{"start":{"line":20,"column":7},"end":{"line":57,"column":1}},"line":20}},"f":{"0":35,"1":7}}
,"/Users/franciscopontes/Documents/FinalAssignment/little-lemon-app-full/src/pages/AboutPage.jsx": {"path":"/Users/franciscopontes/Documents/FinalAssignment/little-lemon-app-full/src/pages/AboutPage.jsx","all":false,"statementMap":{"0":{"start":{"line":1,"column":0},"end":{"line":1,"column":26}},"1":{"start":{"line":2,"column":0},"end":{"line":2,"column":34}},"2":{"start":{"line":3,"column":0},"end":{"line":3,"column":0}},"3":{"start":{"line":4,"column":0},"end":{"line":4,"column":61}},"4":{"start":{"line":5,"column":0},"end":{"line":5,"column":50}},"5":{"start":{"line":6,"column":0},"end":{"line":6,"column":55}},"6":{"start":{"line":7,"column":0},"end":{"line":7,"column":68}},"7":{"start":{"line":8,"column":0},"end":{"line":8,"column":0}},"8":{"start":{"line":9,"column":0},"end":{"line":9,"column":22}},"9":{"start":{"line":10,"column":0},"end":{"line":10,"column":52}},"10":{"start":{"line":11,"column":0},"end":{"line":11,"column":19}},"11":{"start":{"line":12,"column":0},"end":{"line":12,"column":77}},"12":{"start":{"line":13,"column":0},"end":{"line":13,"column":0}},"13":{"start":{"line":14,"column":0},"end":{"line":14,"column":27}},"14":{"start":{"line":15,"column":0},"end":{"line":15,"column":79}},"15":{"start":{"line":16,"column":0},"end":{"line":16,"column":26}},"16":{"start":{"line":17,"column":0},"end":{"line":17,"column":35}},"17":{"start":{"line":18,"column":0},"end":{"line":18,"column":18}},"18":{"start":{"line":19,"column":0},"end":{"line":19,"column":132}},"19":{"start":{"line":20,"column":0},"end":{"line":20,"column":8}},"20":{"start":{"line":21,"column":0},"end":{"line":21,"column":5}},"21":{"start":{"line":22,"column":0},"end":{"line":22,"column":0}},"22":{"start":{"line":23,"column":0},"end":{"line":23,"column":72}},"23":{"start":{"line":24,"column":0},"end":{"line":24,"column":18}},"24":{"start":{"line":25,"column":0},"end":{"line":25,"column":38}},"25":{"start":{"line":26,"column":0},"end":{"line":26,"column":6}},"26":{"start":{"line":27,"column":0},"end":{"line":27,"column":9}},"27":{"start":{"line":28,"column":0},"end":{"line":28,"column":0}},"28":{"start":{"line":29,"column":0},"end":{"line":29,"column":10}},"29":{"start":{"line":30,"column":0},"end":{"line":30,"column":36}},"30":{"start":{"line":31,"column":0},"end":{"line":31,"column":38}},"31":{"start":{"line":32,"column":0},"end":{"line":32,"column":35}},"32":{"start":{"line":33,"column":0},"end":{"line":33,"column":29}},"33":{"start":{"line":34,"column":0},"end":{"line":34,"column":76}},"34":{"start":{"line":35,"column":0},"end":{"line":35,"column":78}},"35":{"start":{"line":36,"column":0},"end":{"line":36,"column":50}},"36":{"start":{"line":37,"column":0},"end":{"line":37,"column":12}},"37":{"start":{"line":38,"column":0},"end":{"line":38,"column":0}},"38":{"start":{"line":39,"column":0},"end":{"line":39,"column":33}},"39":{"start":{"line":40,"column":0},"end":{"line":40,"column":39}},"40":{"start":{"line":41,"column":0},"end":{"line":41,"column":41}},"41":{"start":{"line":42,"column":0},"end":{"line":42,"column":30}},"42":{"start":{"line":43,"column":0},"end":{"line":43,"column":15}},"43":{"start":{"line":44,"column":0},"end":{"line":44,"column":80}},"44":{"start":{"line":45,"column":0},"end":{"line":45,"column":79}},"45":{"start":{"line":46,"column":0},"end":{"line":46,"column":80}},"46":{"start":{"line":47,"column":0},"end":{"line":47,"column":79}},"47":{"start":{"line":48,"column":0},"end":{"line":48,"column":68}},"48":{"start":{"line":49,"column":0},"end":{"line":49,"column":27}},"49":{"start":{"line":50,"column":0},"end":{"line":50,"column":16}},"50":{"start":{"line":51,"column":0},"end":{"line":51,"column":15}},"51":{"start":{"line":52,"column":0},"end":{"line":52,"column":77}},"52":{"start":{"line":53,"column":0},"end":{"line":53,"column":80}},"53":{"start":{"line":54,"column":0},"end":{"line":54,"column":65}},"54":{"start":{"line":55,"column":0},"end":{"line":55,"column":76}},"55":{"start":{"line":56,"column":0},"end":{"line":56,"column":79}},"56":{"start":{"line":57,"column":0},"end":{"line":57,"column":16}},"57":{"start":{"line":58,"column":0},"end":{"line":58,"column":16}},"58":{"start":{"line":59,"column":0},"end":{"line":59,"column":39}},"59":{"start":{"line":60,"column":0},"end":{"line":60,"column":16}},"60":{"start":{"line":61,"column":0},"end":{"line":61,"column":30}},"61":{"start":{"line":62,"column":0},"end":{"line":62,"column":95}},"62":{"start":{"line":63,"column":0},"end":{"line":63,"column":14}},"63":{"start":{"line":64,"column":0},"end":{"line":64,"column":16}},"64":{"start":{"line":65,"column":0},"end":{"line":65,"column":14}},"65":{"start":{"line":66,"column":0},"end":{"line":66,"column":0}},"66":{"start":{"line":67,"column":0},"end":{"line":67,"column":38}},"67":{"start":{"line":68,"column":0},"end":{"line":68,"column":47}},"68":{"start":{"line":69,"column":0},"end":{"line":69,"column":41}},"69":{"start":{"line":70,"column":0},"end":{"line":70,"column":35}},"70":{"start":{"line":71,"column":0},"end":{"line":71,"column":15}},"71":{"start":{"line":72,"column":0},"end":{"line":72,"column":79}},"72":{"start":{"line":73,"column":0},"end":{"line":73,"column":76}},"73":{"start":{"line":74,"column":0},"end":{"line":74,"column":76}},"74":{"start":{"line":75,"column":0},"end":{"line":75,"column":71}},"75":{"start":{"line":76,"column":0},"end":{"line":76,"column":25}},"76":{"start":{"line":77,"column":0},"end":{"line":77
[...]
line":237,"column":26},"end":{"line":240,"column":9}}]},"127":{"type":"branch","line":250,"loc":{"start":{"line":250,"column":34},"end":{"line":255,"column":5}},"locations":[{"start":{"line":250,"column":34},"end":{"line":255,"column":5}}]},"128":{"type":"branch","line":251,"loc":{"start":{"line":251,"column":20},"end":{"line":251,"column":56}},"locations":[{"start":{"line":251,"column":20},"end":{"line":251,"column":56}}]},"129":{"type":"branch","line":251,"loc":{"start":{"line":251,"column":56},"end":{"line":254,"column":7}},"locations":[{"start":{"line":251,"column":56},"end":{"line":254,"column":7}}]},"130":{"type":"branch","line":309,"loc":{"start":{"line":309,"column":31},"end":{"line":328,"column":4}},"locations":[{"start":{"line":309,"column":31},"end":{"line":328,"column":4}}]},"131":{"type":"branch","line":315,"loc":{"start":{"line":315,"column":8},"end":{"line":317,"column":13}},"locations":[{"start":{"line":315,"column":8},"end":{"line":317,"column":13}}]},"132":{"type":"branch","line":321,"loc":{"start":{"line":321,"column":4},"end":{"line":327,"column":5}},"locations":[{"start":{"line":321,"column":4},"end":{"line":327,"column":5}}]},"133":{"type":"branch","line":363,"loc":{"start":{"line":363,"column":38},"end":{"line":363,"column":61}},"locations":[{"start":{"line":363,"column":38},"end":{"line":363,"column":61}}]},"134":{"type":"branch","line":368,"loc":{"start":{"line":368,"column":26},"end":{"line":368,"column":58}},"locations":[{"start":{"line":368,"column":26},"end":{"line":368,"column":58}}]},"135":{"type":"branch","line":369,"loc":{"start":{"line":369,"column":23},"end":{"line":413,"column":19}},"locations":[{"start":{"line":369,"column":23},"end":{"line":413,"column":19}}]},"136":{"type":"branch","line":372,"loc":{"start":{"line":372,"column":54},"end":{"line":374,"column":31}},"locations":[{"start":{"line":372,"column":54},"end":{"line":374,"column":31}}]},"137":{"type":"branch","line":374,"loc":{"start":{"line":374,"column":20},"end":{"line":380,"column":21}},"locations":[{"start":{"line":374,"column":20},"end":{"line":380,"column":21}}]},"138":{"type":"branch","line":374,"loc":{"start":{"line":374,"column":58},"end":{"line":376,"column":31}},"locations":[{"start":{"line":374,"column":58},"end":{"line":376,"column":31}}]},"139":{"type":"branch","line":376,"loc":{"start":{"line":376,"column":20},"end":{"line":380,"column":21}},"locations":[{"start":{"line":376,"column":20},"end":{"line":380,"column":21}}]},"140":{"type":"branch","line":378,"loc":{"start":{"line":378,"column":20},"end":{"line":380,"column":21}},"locations":[{"start":{"line":378,"column":20},"end":{"line":380,"column":21}}]},"141":{"type":"branch","line":396,"loc":{"start":{"line":396,"column":37},"end":{"line":397,"column":41}},"locations":[{"start":{"line":396,"column":37},"end":{"line":397,"column":41}}]},"142":{"type":"branch","line":397,"loc":{"start":{"line":397,"column":30},"end":{"line":408,"column":77}},"locations":[{"start":{"line":397,"column":30},"end":{"line":408,"column":77}}]},"143":{"type":"branch","line":398,"loc":{"start":{"line":398,"column":40},"end":{"line":399,"column":45}},"locations":[{"start":{"line":398,"column":40},"end":{"line":399,"column":45}}]},"144":{"type":"branch","line":399,"loc":{"start":{"line":399,"column":30},"end":{"line":408,"column":77}},"locations":[{"start":{"line":399,"column":30},"end":{"line":408,"column":77}}]},"145":{"type":"branch","line":400,"loc":{"start":{"line":400,"column":40},"end":{"line":401,"column":44}},"locations":[{"start":{"line":400,"column":40},"end":{"line":401,"column":44}}]},"146":{"type":"branch","line":401,"loc":{"start":{"line":401,"column":30},"end":{"line":408,"column":77}},"locations":[{"start":{"line":401,"column":30},"end":{"line":408,"column":77}}]},"147":{"type":"branch","line":403,"loc":{"start":{"line":403,"column":30},"end":{"line":408,"column":77}},"locations":[{"start":{"line":403,"column":30},"end":{"line":408,"column":77}}]},"148":{"type":"branch","line":640,"loc":{"start":{"line":640,"column":38},"end":{"line":646,"column":29}},"locations":[{"start":{"line":640,"column":38},"end":{"line":646,"column":29}}]},"149":{"type":"branch","line":697,"loc":{"start":{"line":697,"column":53},"end":{"line":700,"column":27}},"locations":[{"start":{"line":697,"column":53},"end":{"line":700,"column":27}}]}},"b":{"0":[728],"1":[4],"2":[2],"3":[102],"4":[276],"5":[452],"6":[8],"7":[720],"8":[276],"9":[452],"10":[8],"11":[720],"12":[276],"13":[452],"14":[8],"15":[456],"16":[272],"17":[70],"18":[658],"19":[456],"20":[272],"21":[70],"22":[658],"23":[456],"24":[272],"25":[70],"26":[622],"27":[106],"28":[20],"29":[708],"30":[622],"31":[106],"32":[20],"33":[708],"34":[622],"35":[106],"36":[20],"37":[660],"38":[68],"39":[4],"40":[724],"41":[660],"42":[68],"43":[4],"44":[724],"45":[660],"46":[68],"47":[4],"48":[688],"49":[40],"50":[0],"51":[688],"52":[40],"53":[0],"54":[648],"55":[80],"56":[648],"57":[688],"58":[40],"59":[0],"60":[708],"61":[20],"62":[0],"63":[708],"64":[20],"65":[0],"66":[708],"67":[20],"68":[0],"69":[720],"70":[8],"71":[720],"72":[8],"73":[720],"74":[366],"75":[47],"76":[371],"77":[13],"78":[2008],"79":[1001],"80":[643],"81":[124],"82":[22],"83":[2],"84":[20],"85":[2],"86":[50],"87":[2],"88":[48],"89":[33],"90":[22],"91":[1],"92":[21],"93":[9],"94":[13],"95":[1],"96":[12],"97":[1],"98":[9],"99":[0],"100":[0],"101":[8],"102":[0],"103":[0],"104":[307],"105":[249],"106":[58],"107":[307],"108":[307],"109":[9],"110":[298],"111":[58],"112":[42],"113":[1],"114":[42],"115":[42],"116":[4],"117":[0],"118":[2],"119":[2],"120":[32],"121":[28],"122":[8],"123":[24],"124":[0],"125":[24],"126":[0],"127":[32],"128":[28],"129":[24],"130":[8],"131":[0],"132":[0],"133":[3908],"134":[612],"135":[102],"136":[12],"137":[90],"138":[88],"139":[2],"140":[0],"141":[8],"142":[94],"143":[70],"144":[24],"145":[20],"146":[4],"147":[0],"148":[2968],"149":[7280]},"fnMap":{"0":{"name":"ReservationsPage","decl":{"start":{"line":5,"column":0},"end":{"line":757,"column":1}},"loc":{"start":{"line":5,"column":0},"end":{"line":757,"column":1}},"line":5},"1":{"name":"validateField","decl":{"start":{"line":91,"column":24},"end":{"line":151,"column":4}},"loc":{"start":{"line":91,"column":24},"end":{"line":151,"column":4}},"line":91},"2":{"name":"handleInputChange","decl":{"start":{"line":154,"column":28},"end":{"line":181,"column":4}},"loc":{"start":{"line":154,"column":28},"end":{"line":181,"column":4}},"line":154},"3":{"name":"handleBlur","decl":{"start":{"line":184,"column":21},"end":{"line":204,"column":4}},"loc":{"start":{"line":184,"column":21},"end":{"line":204,"column":4}},"line":184},"4":{"name":"focusFirstError","decl":{"start":{"line":207,"column":26},"end":{"line":214,"column":4}},"loc":{"start":{"line":207,"column":26},"end":{"line":214,"column":4}},"line":207},"5":{"name":"handleSubmit","decl":{"start":{"line":217,"column":23},"end":{"line":298,"column":4}},"loc":{"start":{"line":217,"column":23},"end":{"line":298,"column":4}},"line":217},"6":{"name":"handleErrorKeyDown","decl":{"start":{"line":301,"column":29},"end":{"line":306,"column":4}},"loc":{"start":{"line":301,"column":29},"end":{"line":306,"column":4}},"line":301},"7":{"name":"handleDateFieldClick","decl":{"start":{"line":309,"column":31},"end":{"line":328,"column":4}},"loc":{"start":{"line":309,"column":31},"end":{"line":328,"column":4}},"line":309},"8":{"name":"onClick","decl":{"start":{"line":388,"column":35},"end":{"line":388,"column":75}},"loc":{"start":{"line":388,"column":35},"end":{"line":388,"column":75}},"line":388},"9":{"name":"onKeyDown","decl":{"start":{"line":389,"column":37},"end":{"line":394,"column":28}},"loc":{"start":{"line":389,"column":37},"end":{"line":394,"column":28}},"line":389},"10":{"name":"onKeyDown","decl":{"start":{"line":456,"column":29},"end":{"line":456,"column":66}},"loc":{"start":{"line":456,"column":29},"end":{"line":456,"column":66}},"line":456},"11":{"name":"onKeyDown","decl":{"start":{"line":500,"column":29},"end":{"line":500,"column":67}},"loc":{"start":{"line":500,"column":29},"end":{"line":500,"column":67}},"line":500},"12":{"name":"onKeyDown","decl":{"start":{"line":544,"column":29},"end":{"line":544,"column":67}},"loc":{"start":{"line":544,"column":29},"end":{"line":544,"column":67}},"line":544},"13":{"name":"onKeyDown","decl":{"start":{"line":598,"column":31},"end":{"line":598,"column":68}},"loc":{"start":{"line":598,"column":31},"end":{"line":598,"column":68}},"line":598},"14":{"name":"onClick","decl":{"start":{"line":599,"column":29},"end":{"line":599,"column":114}},"loc":{"start":{"line":599,"column":29},"end":{"line":599,"column":114}},"line":599},"15":{"name":"onKeyDown","decl":{"start":{"line":660,"column":31},"end":{"line":660,"column":68}},"loc":{"start":{"line":660,"column":31},"end":{"line":660,"column":68}},"line":660},"16":{"name":"onKeyDown","decl":{"start":{"line":709,"column":29},"end":{"line":709,"column":68}},"loc":{"start":{"line":709,"column":29},"end":{"line":709,"column":68}},"line":709}},"f":{"0":728,"1":124,"2":307,"3":42,"4":0,"5":4,"6":0,"7":8,"8":0,"9":0,"10":0,"11":0,"12":0,"13":0,"14":0,"15":0,"16":0}}
,"/Users/franciscopontes/Documents/FinalAssignment/little-lemon-app-full/src/test/setup.js": {"path":"/Users/franciscopontes/Documents/FinalAssignment/little-lemon-app-full/src/test/setup.js","all":true,"statementMap":{"0":{"start":{"line":1,"column":0},"end":{"line":1,"column":43}},"1":{"start":{"line":2,"column":0},"end":{"line":2,"column":49}},"2":{"start":{"line":3,"column":0},"end":{"line":3,"column":35}},"3":{"start":{"line":4,"column":0},"end":{"line":4,"column":0}},"4":{"start":{"line":5,"column":0},"end":{"line":5,"column":48}},"5":{"start":{"line":6,"column":0},"end":{"line":6,"column":26}},"6":{"start":{"line":7,"column":0},"end":{"line":7,"column":0}},"7":{"start":{"line":8,"column":0},"end":{"line":8,"column":27}},"8":{"start":{"line":9,"column":0},"end":{"line":9,"column":17}},"9":{"start":{"line":10,"column":0},"end":{"line":10,"column":12}},"10":{"start":{"line":11,"column":0},"end":{"line":11,"column":3}}},"s":{"0":0,"1":0,"2":0,"3":0,"4":0,"5":0,"6":0,"7":0,"8":0,"9":0,"10":0},"branchMap":{"0":{"type":"branch","line":1,"loc":{"start":{"line":1,"column":270},"end":{"line":11,"column":3}},"locations":[{"start":{"line":1,"column":270},"end":{"line":11,"column":3}}]}},"b":{"0":[0]},"fnMap":{"0":{"name":"(empty-report)","decl":{"start":{"line":1,"column":270},"end":{"line":11,"column":3}},"loc":{"start":{"line":1,"column":270},"end":{"line":11,"column":3}},"line":1}},"f":{"0":0}}
,"/Users/franciscopontes/Documents/FinalAssignment/little-lemon-app-full/src/utils/api.js": {"path":"/Users/franciscopontes/Documents/FinalAssignment/little-lemon-app-full/src/utils/api.js","all":false,"statementMap":{"0":{"start":{"line":1,"column":0},"end":{"line":1,"column":3}},"1":{"start":{"line":2,"column":0},"end":{"line":2,"column":44}},"2":{"start":{"line":3,"column":0},"end":{"line":3,"column":49}},"3":{"start":{"line":4,"column":0},"end":{"line":4,"column":3}},"4":{"start":{"line":5,"column":0},"end":{"line":5,"column":46}},"5":{"start":{"line":6,"column":0},"end":{"line":6,"column":46}},"6":{"start":{"line":7,"column":0},"end":{"line":7,"column":9}},"7":{"start":{"line":8,"column":0},"end":{"line":8,"column":35}},"8":{"start":{"line":9,"column":0},"end":{"line":9,"column":21}},"9":{"start":{"line":10,"column":0},"end":{"line":10,"column":54}},"10":{"start":{"line":11,"column":0},"end":{"line":11,"column":36}},"11":{"start":{"line":12,"column":0},"end":{"line":12,"column":5}},"12":{"start":{"line":13,"column":0},"end":{"line":13,"column":10}},"13":{"start":{"line":14,"column":0},"end":{"line":14,"column":64}},"14":{"start":{"line":15,"column":0},"end":{"line":15,"column":34}},"15":{"start":{"line":16,"column":0},"end":{"line":16,"column":3}},"16":{"start":{"line":17,"column":0},"end":{"line":17,"column":2}},"17":{"start":{"line":18,"column":0},"end":{"line":18,"column":0}},"18":{"start":{"line":19,"column":0},"end":{"line":19,"column":3}},"19":{"start":{"line":20,"column":0},"end":{"line":20,"column":45}},"20":{"start":{"line":21,"column":0},"end":{"line":21,"column":49}},"21":{"start":{"line":22,"column":0},"end":{"line":22,"column":3}},"22":{"start":{"line":23,"column":0},"end":{"line":23,"column":48}},"23":{"start":{"line":24,"column":0},"end":{"line":24,"column":47}},"24":{"start":{"line":25,"column":0},"end":{"line":25,"column":9}},"25":{"start":{"line":26,"column":0},"end":{"line":26,"column":48}},"26":{"start":{"line":27,"column":0},"end":{"line":27,"column":56}},"27":{"start":{"line":28,"column":0},"end":{"line":28,"column":30}},"28":{"start":{"line":29,"column":0},"end":{"line":29,"column":33}},"29":{"start":{"line":30,"column":0},"end":{"line":30,"column":23}},"30":{"start":{"line":31,"column":0},"end":{"line":31,"column":49}},"31":{"start":{"line":32,"column":0},"end":{"line":32,"column":44}},"32":{"start":{"line":33,"column":0},"end":{"line":33,"column":74}},"33":{"start":{"line":34,"column":0},"end":{"line":34,"column":27}},"34":{"start":{"line":35,"column":0},"end":{"line":35,"column":9}},"35":{"start":{"line":36,"column":0},"end":{"line":36,"column":21}},"36":{"start":{"line":37,"column":0},"end":{"line":37,"column":55}},"37":{"start":{"line":38,"column":0},"end":{"line":38,"column":35}},"38":{"start":{"line":39,"column":0},"end":{"line":39,"column":5}},"39":{"start":{"line":40,"column":0},"end":{"line":40,"column":10}},"40":{"start":{"line":41,"column":0},"end":{"line":41,"column":65}},"41":{"start":{"line":42,"column":0},"end":{"line":42,"column":44}},"42":{"start":{"line":43,"column":0},"end":{"line":43,"column":28}},"43":{"start":{"line":44,"column":0},"end":{"line":44,"column":20}},"44":{"start":{"line":45,"column":0},"end":{"line":45,"column":64}},"45":{"start":{"line":46,"column":0},"end":{"line":46,"column":56}},"46":{"start":{"line":47,"column":0},"end":{"line":47,"column":25}},"47":{"start":{"line":48,"column":0},"end":{"line":48,"column":7}},"48":{"start":{"line":49,"column":0},"end":{"line":49,"column":3}},"49":{"start":{"line":50,"column":0},"end":{"line":50,"column":2}},"50":{"start":{"line":51,"column":0},"end":{"line":51,"column":0}},"51":{"start":{"line":52,"column":0},"end":{"line":52,"column":3}},"52":{"start":{"line":53,"column":0},"end":{"line":53,"column":48}},"53":{"start":{"line":54,"column":0},"end":{"line":54,"column":3}},"54":{"start":{"line":55,"column":0},"end":{"line":55,"column":33}},"55":{"start":{"line":56,"column":0},"end":{"line":56,"column":38}},"56":{"start":{"line":57,"column":0},"end":{"line":57,"column":42}},"57":{"start":{"line":58,"column":0},"end":{"line":58,"column":0}},"58":{"start":{"line":59,"column":0},"end":{"line":59,"column":49}},"59":{"start":{"line":60,"column":0},"end":{"line":60,"column":43}},"60":{"start":{"line":61,"column":0},"end":{"line":61,"column":12}},"61":{"start":{"line":62,"column":0},"end":{"line":62,"column":14}},"62":{"start":{"line":63,"column":0},"end":{"line":63,"column":14}},"63":{"start":{"line":64,"column":0},"end":{"line":64,"column":14}},"64":{"start":{"line":65,"column":0},"end":{"line":65,"column":14}},"65":{"start":{"line":66,"column":0},"end":{"line":66,"column":14}},"66":{"start":{"line":67,"column":0},"end":{"line":67,"column":14}},"67":{"start":{"line":68,"column":0},"end":{"line":68,"column":14}},"68":{"start":{"line":69,"column":0},"end":{"line":69,"column":14}},"69":{"start":{"line":70,"column":0},"end":{"line":70,"column":14}},"70":{"start":{"line":71,"column":0},"end":{"line":71,"column":14}},"71":{"start":{"line":72,"column":0},"end":{"line":72,"column":14}},"72":{"start":{"line":73,"column":0},"end":{"line":73,"column":14}},"73":{"start":{"line":74,"column":0},"end":{"line":74,"column":14}},"74":{"start":{"line":75,"column":0},"end":{"line":75,"column":6}},"75":{"start":{"line":76,"column":0},"end":{"line":76,"column":3}},"76":{"start":{"line":77,"column":0},"end":{"line":77,"column":30}},"77":{"start":{"line":78,"column":0},"end":{"line":78,"column":29}},"78":{"start":{"line":79,"column":0},"end":{"line":79,"column":75}},"79":{"start":{"line":80,"column":0},"end":{"line":80,"column":3}},"80":{"start":{"line":81,"column":0},"end":{"line":81,"column":21}},"81":{"start":{"line":82,"column":0},"end":{"line":82,"column":8}},"82":{"start":{"line":83,"column":0},"end":{"line":83,"column":12}},"83":{"start":{"line":84,"column":0},"end":{"line":84,"column":14}},"84":{"start":{"line":85,"column":0},"end":{"line":85,"column":14}},"85":{"start":{"line":86,"column":0},"end":{"line":86,"column":14}},"86":{"start":{"line":87,"column":0},"end":{"line":87,"column":14}},"87":{"start":{"line":88,"column":0},"end":{"line":88,"column":14}},"88":{"start":{"line":89,"column":0},"end":{"line":89,"column":14}},"89":{"start":{"line":90,"column":0},"end":{"line":90,"column":14}},"90":{"start":{"line":91,"column":0},"end":{"line":91,"column":14}},"91":{"start":{"line":92,"column":0},"end":{"line":92,"column":14}},"92":{"start":{"line":93,"column":0},"end":{"line":93,"column":14}},"93":{"start":{"line":94,"column":0},"end":{"line":94,"column":6}},"94":{"start":{"line":95,"column":0},"end":{"line":95,"column":3}},"95":{"start":{"line":96,"column":0},"end":{"line":96,"column":1}}},"s":{"0":1,"1":1,"2":1,"3":1,"4":1,"5":1,"6":1,"7":1,"8":1,"9":0,"10":0,"11":0,"12":1,"13":0,"14":0,"15":0,"16":1,"17":1,"18":1,"19":1,"20":1,"21":1,"22":1,"23":1,"24":1,"25":1,"26":1,"27":1,"28":1,"29":1,"30":1,"31":1,"32":1,"33":1,"34":1,"35":1,"36":0,"37":0,"38":0,"39":1,"40":0,"41":0,"42":0,"43":0,"44":0,"45":0,"46":0,"47":0,"48":0,"49":1,"50":1,"51":1,"52":1,"53":1,"54":0,"55":0,"56":0,"57":0,"58":0,"59":0,"60":0,"61":0,"62":0,"63":0,"64":0,"65":0,"66":0,"67":0,"68":0,"69":0,"70":0,"71":0,"72":0,"73":0,"74":0,"75":0,"76":0,"77":0,"78":0,"79":0,"80":0,"81":0,"82":0,"83":0,"84":0,"85":0,"86":0,"87":0,"88":0,"89":0,"90":0,"91":0,"92":0,"93":0,"94":0,"95":0},"branchMap":{"0":{"type":"branch","line":5,"loc":{"start":{"line":5,"column":35},"end":{"line":17,"column":2}},"locations":[{"start":{"line":5,"column":35},"end":{"line":17,"column":2}}]},"1":{"type":"branch","line":9,"loc":{"start":{"line":9,"column":6},"end":{"line":12,"column":5}},"locations":[{"start":{"line":9,"column":6},"end":{"line":12,"column":5}}]},"2":{"type":"branch","line":13,"loc":{"start":{"line":13,"column":3},"end":{"line":16,"column":3}},"locations":[{"start":{"line":13,"column":3},"end":{"line":16,"column":3}}]},"3":{"type":"branch","line":23,"loc":{"start":{"line":23,"column":33},"end":{"line":50,"column":2}},"locations":[{"start":{"line":23,"column":33},"end":{"line":50,"column":2}}]},"4":{"type":"branch","line":32,"loc":{"start":{"line":32,"column":10},"end":{"line":32,"column":43}},"locations":[{"start":{"line":32,"column":10},"end":{"line":32,"column":43}}]},"5":{"type":"branch","line":33,"loc":{"start":{"line":33,"column":67},"end":{"line":33,"column":73}},"locations":[{"start":{"line":33,"column":67},"end":{"line":33,"column":73}}]},"6":{"type":"branch","line":36,"loc":{"start":{"line":36,"column":6},"end":{"line":39,"column":5}},"locations":[{"start":{"line":36,"column":6},"end":{"line":39,"column":5}}]},"7":{"type":"branch","line":40,"loc":{"start":{"line":40,"column":3},"end":{"line":49,"column":3}},"locations":[{"start":{"line":40,"column":3},"end":{"line":49,"column":3}}]}},"b":{"0":[1],"1":[0],"2":[0],"3":[1],"4":[0],"5":[0],"6":[0],"7":[0]},"fnMap":{"0":{"name":"fetchAvailableTimes","decl":{"start":{"line":5,"column":35},"end":{"line":17,"column":2}},"loc":{"start":{"line":5,"column":35},"end":{"line":17,"column":2}},"line":5},"1":{"name":"submitReservation","decl":{"start":{"line":23,"column":33},"end":{"line":50,"column":2}},"loc":{"start":{"line":23,"column":33},"end":{"line":50,"column":2}},"line":23},"2":{"name":"getFallbackTimes","decl":{"start":{"line":55,"column":0},"end":{"line":96,"column":1}},"loc":{"start":{"line":55,"column":0},"end":{"line":96,"column":1}},"line":55}},"f":{"0":1,"1":1,"2":0}}
}
